# JRE version: OpenJDK Runtime Environment (8.0_152-b01) (build 1.8.0_152-release-1248-b01)
# Java VM: OpenJDK 64-Bit Server VM (25.152-b01 mixed mode windows-amd64 compressed oops)
Heap:
 PSYoungGen      total 487424K, used 259959K [0x00000000e0000000, 0x0000000100000000, 0x0000000100000000)
  eden space 453632K, 52% used [0x00000000e0000000,0x00000000ee726d30,0x00000000fbb00000)
  from space 33792K, 68% used [0x00000000fdf00000,0x00000000ff5b71b0,0x0000000100000000)
  to   space 35328K, 0% used [0x00000000fbb00000,0x00000000fbb00000,0x00000000fdd80000)
 ParOldGen       total 251904K, used 174550K [0x00000000a0000000, 0x00000000af600000, 0x00000000e0000000)
  object space 251904K, 69% used [0x00000000a0000000,0x00000000aaa75998,0x00000000af600000)
 Metaspace       used 90358K, capacity 93602K, committed 93720K, reserved 1130496K
  class space    used 11538K, capacity 12226K, committed 12336K, reserved 1048576K
GC Heap History (10 events):
Event: 40.408 GC heap before
{Heap before GC invocations=31 (full 5):
 PSYoungGen      total 479744K, used 452938K [0x00000000e0000000, 0x00000000fff80000, 0x0000000100000000)
  eden space 439296K, 100% used [0x00000000e0000000,0x00000000fad00000,0x00000000fad00000)
  from space 40448K, 33% used [0x00000000fad00000,0x00000000fba52a58,0x00000000fd480000)
  to   space 38912K, 0% used [0x00000000fd980000,0x00000000fd980000,0x00000000fff80000)
 ParOldGen       total 251904K, used 128072K [0x00000000a0000000, 0x00000000af600000, 0x00000000e0000000)
  object space 251904K, 50% used [0x00000000a0000000,0x00000000a7d12078,0x00000000af600000)
 Metaspace       used 74484K, capacity 76568K, committed 76696K, reserved 1116160K
  class space    used 9893K, capacity 10376K, committed 10416K, reserved 1048576K
Event: 40.417 GC heap after
Heap after GC invocations=31 (full 5):
 PSYoungGen      total 479744K, used 11606K [0x00000000e0000000, 0x00000000ffb80000, 0x0000000100000000)
  eden space 444928K, 0% used [0x00000000e0000000,0x00000000e0000000,0x00000000fb280000)
  from space 34816K, 33% used [0x00000000fd980000,0x00000000fe4d5a08,0x00000000ffb80000)
  to   space 37376K, 0% used [0x00000000fb280000,0x00000000fb280000,0x00000000fd700000)
 ParOldGen       total 251904K, used 141350K [0x00000000a0000000, 0x00000000af600000, 0x00000000e0000000)
  object space 251904K, 56% used [0x00000000a0000000,0x00000000a8a09800,0x00000000af600000)
 Metaspace       used 74484K, capacity 76568K, committed 76696K, reserved 1116160K
  class space    used 9893K, capacity 10376K, committed 10416K, reserved 1048576K
}
Event: 40.751 GC heap before
{Heap before GC invocations=32 (full 5):
 PSYoungGen      total 479744K, used 456534K [0x00000000e0000000, 0x00000000ffb80000, 0x0000000100000000)
  eden space 444928K, 100% used [0x00000000e0000000,0x00000000fb280000,0x00000000fb280000)
  from space 34816K, 33% used [0x00000000fd980000,0x00000000fe4d5a08,0x00000000ffb80000)
  to   space 37376K, 0% used [0x00000000fb280000,0x00000000fb280000,0x00000000fd700000)
 ParOldGen       total 251904K, used 141350K [0x00000000a0000000, 0x00000000af600000, 0x00000000e0000000)
  object space 251904K, 56% used [0x00000000a0000000,0x00000000a8a09800,0x00000000af600000)
 Metaspace       used 74502K, capacity 76568K, committed 76696K, reserved 1116160K
  class space    used 9893K, capacity 10376K, committed 10416K, reserved 1048576K
Event: 40.759 GC heap after
Heap after GC invocations=32 (full 5):
 PSYoungGen      total 482304K, used 10866K [0x00000000e0000000, 0x0000000100000000, 0x0000000100000000)
  eden space 444928K, 0% used [0x00000000e0000000,0x00000000e0000000,0x00000000fb280000)
  from space 37376K, 29% used [0x00000000fb280000,0x00000000fbd1ca40,0x00000000fd700000)
  to   space 36352K, 0% used [0x00000000fdc80000,0x00000000fdc80000,0x0000000100000000)
 ParOldGen       total 251904K, used 152472K [0x00000000a0000000, 0x00000000af600000, 0x00000000e0000000)
  object space 251904K, 60% used [0x00000000a0000000,0x00000000a94e62a0,0x00000000af600000)
 Metaspace       used 74502K, capacity 76568K, committed 76696K, reserved 1116160K
  class space    used 9893K, capacity 10376K, committed 10416K, reserved 1048576K
}
Event: 41.215 GC heap before
{Heap before GC invocations=33 (full 5):
 PSYoungGen      total 482304K, used 455794K [0x00000000e0000000, 0x0000000100000000, 0x0000000100000000)
  eden space 444928K, 100% used [0x00000000e0000000,0x00000000fb280000,0x00000000fb280000)
  from space 37376K, 29% used [0x00000000fb280000,0x00000000fbd1ca40,0x00000000fd700000)
  to   space 36352K, 0% used [0x00000000fdc80000,0x00000000fdc80000,0x0000000100000000)
 ParOldGen       total 251904K, used 152472K [0x00000000a0000000, 0x00000000af600000, 0x00000000e0000000)
  object space 251904K, 60% used [0x00000000a0000000,0x00000000a94e62a0,0x00000000af600000)
 Metaspace       used 74555K, capacity 76632K, committed 76952K, reserved 1116160K
  class space    used 9893K, capacity 10376K, committed 10416K, reserved 1048576K
Event: 41.226 GC heap after
Heap after GC invocations=33 (full 5):
 PSYoungGen      total 482816K, used 11969K [0x00000000e0000000, 0x00000000ffc00000, 0x0000000100000000)
  eden space 450560K, 0% used [0x00000000e0000000,0x00000000e0000000,0x00000000fb800000)
  from space 32256K, 37% used [0x00000000fdc80000,0x00000000fe830648,0x00000000ffc00000)
  to   space 34816K, 0% used [0x00000000fb800000,0x00000000fb800000,0x00000000fda00000)
 ParOldGen       total 251904K, used 163005K [0x00000000a0000000, 0x00000000af600000, 0x00000000e0000000)
  object space 251904K, 64% used [0x00000000a0000000,0x00000000a9f2f7f8,0x00000000af600000)
 Metaspace       used 74555K, capacity 76632K, committed 76952K, reserved 1116160K
  class space    used 9893K, capacity 10376K, committed 10416K, reserved 1048576K
}
Event: 68.450 GC heap before
{Heap before GC invocations=34 (full 5):
 PSYoungGen      total 482816K, used 462529K [0x00000000e0000000, 0x00000000ffc00000, 0x0000000100000000)
  eden space 450560K, 100% used [0x00000000e0000000,0x00000000fb800000,0x00000000fb800000)
  from space 32256K, 37% used [0x00000000fdc80000,0x00000000fe830648,0x00000000ffc00000)
  to   space 34816K, 0% used [0x00000000fb800000,0x00000000fb800000,0x00000000fda00000)
 ParOldGen       total 251904K, used 163005K [0x00000000a0000000, 0x00000000af600000, 0x00000000e0000000)
  object space 251904K, 64% used [0x00000000a0000000,0x00000000a9f2f7f8,0x00000000af600000)
 Metaspace       used 78754K, capacity 80846K, committed 81176K, reserved 1120256K
  class space    used 10300K, capacity 10782K, committed 10800K, reserved 1048576K
Event: 68.464 GC heap after
Heap after GC invocations=34 (full 5):
 PSYoungGen      total 485376K, used 8368K [0x00000000e0000000, 0x0000000100000000, 0x0000000100000000)
  eden space 450560K, 0% used [0x00000000e0000000,0x00000000e0000000,0x00000000fb800000)
  from space 34816K, 24% used [0x00000000fb800000,0x00000000fc02c1e8,0x00000000fda00000)
  to   space 33792K, 0% used [0x00000000fdf00000,0x00000000fdf00000,0x0000000100000000)
 ParOldGen       total 251904K, used 174542K [0x00000000a0000000, 0x00000000af600000, 0x00000000e0000000)
  object space 251904K, 69% used [0x00000000a0000000,0x00000000aaa73998,0x00000000af600000)
 Metaspace       used 78754K, capacity 80846K, committed 81176K, reserved 1120256K
  class space    used 10300K, capacity 10782K, committed 10800K, reserved 1048576K
}
Event: 116.934 GC heap before
{Heap before GC invocations=35 (full 5):
 PSYoungGen      total 485376K, used 458928K [0x00000000e0000000, 0x0000000100000000, 0x0000000100000000)
  eden space 450560K, 100% used [0x00000000e0000000,0x00000000fb800000,0x00000000fb800000)
  from space 34816K, 24% used [0x00000000fb800000,0x00000000fc02c1e8,0x00000000fda00000)
  to   space 33792K, 0% used [0x00000000fdf00000,0x00000000fdf00000,0x0000000100000000)
 ParOldGen       total 251904K, used 174542K [0x00000000a0000000, 0x00000000af600000, 0x00000000e0000000)
  object space 251904K, 69% used [0x00000000a0000000,0x00000000aaa73998,0x00000000af600000)
 Metaspace       used 90046K, capacity 93358K, committed 93720K, reserved 1130496K
  class space    used 11534K, capacity 12222K, committed 12336K, reserved 1048576K
Event: 116.981 GC heap after
Heap after GC invocations=35 (full 5):
 PSYoungGen      total 487424K, used 23260K [0x00000000e0000000, 0x0000000100000000, 0x0000000100000000)
  eden space 453632K, 0% used [0x00000000e0000000,0x00000000e0000000,0x00000000fbb00000)
  from space 33792K, 68% used [0x00000000fdf00000,0x00000000ff5b71b0,0x0000000100000000)
  to   space 35328K, 0% used [0x00000000fbb00000,0x00000000fbb00000,0x00000000fdd80000)
 ParOldGen       total 251904K, used 174550K [0x00000000a0000000, 0x00000000af600000, 0x00000000e0000000)
  object space 251904K, 69% used [0x00000000a0000000,0x00000000aaa75998,0x00000000af600000)
 Metaspace       used 90046K, capacity 93358K, committed 93720K, reserved 1130496K
  class space    used 11534K, capacity 12222K, committed 12336K, reserved 1048576K
}

