# JRE version: OpenJDK Runtime Environment (8.0_152-b01) (build 1.8.0_152-release-1248-b01)
# Java VM: OpenJDK 64-Bit Server VM (25.152-b01 mixed mode windows-amd64 compressed oops)
Heap:
 PSYoungGen      total 409088K, used 351712K [0x00000000e0000000, 0x0000000100000000, 0x0000000100000000)
  eden space 352256K, 83% used [0x00000000e0000000,0x00000000f1ffa110,0x00000000f5800000)
  from space 56832K, 99% used [0x00000000fc880000,0x00000000ffffdf70,0x0000000100000000)
  to   space 86016K, 0% used [0x00000000f5800000,0x00000000f5800000,0x00000000fac00000)
 ParOldGen       total 180736K, used 141660K [0x00000000a0000000, 0x00000000ab080000, 0x00000000e0000000)
  object space 180736K, 78% used [0x00000000a0000000,0x00000000a8a570e8,0x00000000ab080000)
 Metaspace       used 95894K, capacity 101222K, committed 101528K, reserved 1136640K
  class space    used 12324K, capacity 13362K, committed 13488K, reserved 1048576K
GC Heap History (10 events):
Event: 195.104 GC heap before
{Heap before GC invocations=22 (full 4):
 PSYoungGen      total 392192K, used 352873K [0x00000000e0000000, 0x00000000fe200000, 0x0000000100000000)
  eden space 346112K, 100% used [0x00000000e0000000,0x00000000f5200000,0x00000000f5200000)
  from space 46080K, 14% used [0x00000000f5200000,0x00000000f589a5a0,0x00000000f7f00000)
  to   space 45056K, 0% used [0x00000000fb600000,0x00000000fb600000,0x00000000fe200000)
 ParOldGen       total 180736K, used 80361K [0x00000000a0000000, 0x00000000ab080000, 0x00000000e0000000)
  object space 180736K, 44% used [0x00000000a0000000,0x00000000a4e7a528,0x00000000ab080000)
 Metaspace       used 87738K, capacity 92036K, committed 92184K, reserved 1128448K
  class space    used 11488K, capacity 12310K, committed 12336K, reserved 1048576K
Event: 195.161 GC heap after
Heap after GC invocations=22 (full 4):
 PSYoungGen      total 437248K, used 45030K [0x00000000e0000000, 0x00000000ff000000, 0x0000000100000000)
  eden space 392192K, 0% used [0x00000000e0000000,0x00000000e0000000,0x00000000f7f00000)
  from space 45056K, 99% used [0x00000000fb600000,0x00000000fe1f9948,0x00000000fe200000)
  to   space 56320K, 0% used [0x00000000f7f00000,0x00000000f7f00000,0x00000000fb600000)
 ParOldGen       total 180736K, used 90017K [0x00000000a0000000, 0x00000000ab080000, 0x00000000e0000000)
  object space 180736K, 49% used [0x00000000a0000000,0x00000000a57e8450,0x00000000ab080000)
 Metaspace       used 87738K, capacity 92036K, committed 92184K, reserved 1128448K
  class space    used 11488K, capacity 12310K, committed 12336K, reserved 1048576K
}
Event: 359.619 GC heap before
{Heap before GC invocations=23 (full 4):
 PSYoungGen      total 437248K, used 437222K [0x00000000e0000000, 0x00000000ff000000, 0x0000000100000000)
  eden space 392192K, 100% used [0x00000000e0000000,0x00000000f7f00000,0x00000000f7f00000)
  from space 45056K, 99% used [0x00000000fb600000,0x00000000fe1f9948,0x00000000fe200000)
  to   space 56320K, 0% used [0x00000000f7f00000,0x00000000f7f00000,0x00000000fb600000)
 ParOldGen       total 180736K, used 90017K [0x00000000a0000000, 0x00000000ab080000, 0x00000000e0000000)
  object space 180736K, 49% used [0x00000000a0000000,0x00000000a57e8450,0x00000000ab080000)
 Metaspace       used 90057K, capacity 94636K, committed 94744K, reserved 1130496K
  class space    used 11842K, capacity 12742K, committed 12848K, reserved 1048576K
Event: 359.671 GC heap after
Heap after GC invocations=23 (full 4):
 PSYoungGen      total 448512K, used 18348K [0x00000000e0000000, 0x0000000100000000, 0x0000000100000000)
  eden space 392192K, 0% used [0x00000000e0000000,0x00000000e0000000,0x00000000f7f00000)
  from space 56320K, 32% used [0x00000000f7f00000,0x00000000f90eb3a8,0x00000000fb600000)
  to   space 53248K, 0% used [0x00000000fcc00000,0x00000000fcc00000,0x0000000100000000)
 ParOldGen       total 180736K, used 95692K [0x00000000a0000000, 0x00000000ab080000, 0x00000000e0000000)
  object space 180736K, 52% used [0x00000000a0000000,0x00000000a5d730a8,0x00000000ab080000)
 Metaspace       used 90057K, capacity 94636K, committed 94744K, reserved 1130496K
  class space    used 11842K, capacity 12742K, committed 12848K, reserved 1048576K
}
Event: 366.855 GC heap before
{Heap before GC invocations=24 (full 4):
 PSYoungGen      total 448512K, used 410540K [0x00000000e0000000, 0x0000000100000000, 0x0000000100000000)
  eden space 392192K, 100% used [0x00000000e0000000,0x00000000f7f00000,0x00000000f7f00000)
  from space 56320K, 32% used [0x00000000f7f00000,0x00000000f90eb3a8,0x00000000fb600000)
  to   space 53248K, 0% used [0x00000000fcc00000,0x00000000fcc00000,0x0000000100000000)
 ParOldGen       total 180736K, used 95692K [0x00000000a0000000, 0x00000000ab080000, 0x00000000e0000000)
  object space 180736K, 52% used [0x00000000a0000000,0x00000000a5d730a8,0x00000000ab080000)
 Metaspace       used 93109K, capacity 98238K, committed 98584K, reserved 1134592K
  class space    used 12216K, capacity 13266K, committed 13360K, reserved 1048576K
Event: 366.892 GC heap after
Heap after GC invocations=24 (full 4):
 PSYoungGen      total 463872K, used 27949K [0x00000000e0000000, 0x00000000ffc00000, 0x0000000100000000)
  eden space 414720K, 0% used [0x00000000e0000000,0x00000000e0000000,0x00000000f9500000)
  from space 49152K, 56% used [0x00000000fcc00000,0x00000000fe74b588,0x00000000ffc00000)
  to   space 52736K, 0% used [0x00000000f9500000,0x00000000f9500000,0x00000000fc880000)
 ParOldGen       total 180736K, used 95700K [0x00000000a0000000, 0x00000000ab080000, 0x00000000e0000000)
  object space 180736K, 52% used [0x00000000a0000000,0x00000000a5d750a8,0x00000000ab080000)
 Metaspace       used 93109K, capacity 98238K, committed 98584K, reserved 1134592K
  class space    used 12216K, capacity 13266K, committed 13360K, reserved 1048576K
}
Event: 377.742 GC heap before
{Heap before GC invocations=25 (full 4):
 PSYoungGen      total 463872K, used 442669K [0x00000000e0000000, 0x00000000ffc00000, 0x0000000100000000)
  eden space 414720K, 100% used [0x00000000e0000000,0x00000000f9500000,0x00000000f9500000)
  from space 49152K, 56% used [0x00000000fcc00000,0x00000000fe74b588,0x00000000ffc00000)
  to   space 52736K, 0% used [0x00000000f9500000,0x00000000f9500000,0x00000000fc880000)
 ParOldGen       total 180736K, used 95700K [0x00000000a0000000, 0x00000000ab080000, 0x00000000e0000000)
  object space 180736K, 52% used [0x00000000a0000000,0x00000000a5d750a8,0x00000000ab080000)
 Metaspace       used 95016K, capacity 100242K, committed 100376K, reserved 1136640K
  class space    used 12272K, capacity 13326K, committed 13360K, reserved 1048576K
Event: 377.810 GC heap after
Heap after GC invocations=25 (full 4):
 PSYoungGen      total 467456K, used 52711K [0x00000000e0000000, 0x0000000100000000, 0x0000000100000000)
  eden space 414720K, 0% used [0x00000000e0000000,0x00000000e0000000,0x00000000f9500000)
  from space 52736K, 99% used [0x00000000f9500000,0x00000000fc879c90,0x00000000fc880000)
  to   space 56832K, 0% used [0x00000000fc880000,0x00000000fc880000,0x0000000100000000)
 ParOldGen       total 180736K, used 110898K [0x00000000a0000000, 0x00000000ab080000, 0x00000000e0000000)
  object space 180736K, 61% used [0x00000000a0000000,0x00000000a6c4cb68,0x00000000ab080000)
 Metaspace       used 95016K, capacity 100242K, committed 100376K, reserved 1136640K
  class space    used 12272K, capacity 13326K, committed 13360K, reserved 1048576K
}
Event: 379.280 GC heap before
{Heap before GC invocations=26 (full 4):
 PSYoungGen      total 467456K, used 467431K [0x00000000e0000000, 0x0000000100000000, 0x0000000100000000)
  eden space 414720K, 100% used [0x00000000e0000000,0x00000000f9500000,0x00000000f9500000)
  from space 52736K, 99% used [0x00000000f9500000,0x00000000fc879c90,0x00000000fc880000)
  to   space 56832K, 0% used [0x00000000fc880000,0x00000000fc880000,0x0000000100000000)
 ParOldGen       total 180736K, used 110898K [0x00000000a0000000, 0x00000000ab080000, 0x00000000e0000000)
  object space 180736K, 61% used [0x00000000a0000000,0x00000000a6c4cb68,0x00000000ab080000)
 Metaspace       used 95316K, capacity 100514K, committed 100760K, reserved 1136640K
  class space    used 12296K, capacity 13362K, committed 13488K, reserved 1048576K
Event: 379.364 GC heap after
Heap after GC invocations=26 (full 4):
 PSYoungGen      total 409088K, used 56823K [0x00000000e0000000, 0x0000000100000000, 0x0000000100000000)
  eden space 352256K, 0% used [0x00000000e0000000,0x00000000e0000000,0x00000000f5800000)
  from space 56832K, 99% used [0x00000000fc880000,0x00000000ffffdf70,0x0000000100000000)
  to   space 86016K, 0% used [0x00000000f5800000,0x00000000f5800000,0x00000000fac00000)
 ParOldGen       total 180736K, used 141660K [0x00000000a0000000, 0x00000000ab080000, 0x00000000e0000000)
  object space 180736K, 78% used [0x00000000a0000000,0x00000000a8a570e8,0x00000000ab080000)
 Metaspace       used 95316K, capacity 100514K, committed 100760K, reserved 1136640K
  class space    used 12296K, capacity 13362K, committed 13488K, reserved 1048576K
}

