# JRE version: OpenJDK Runtime Environment (8.0_152-b01) (build 1.8.0_152-release-1248-b01)
# Java VM: OpenJDK 64-Bit Server VM (25.152-b01 mixed mode windows-amd64 compressed oops)
Heap:
 PSYoungGen      total 183296K, used 134402K [0x00000000e0000000, 0x00000000eec80000, 0x0000000100000000)
  eden space 146432K, 66% used [0x00000000e0000000,0x00000000e5f45cb0,0x00000000e8f00000)
  from space 36864K, 99% used [0x00000000eba00000,0x00000000eddfae10,0x00000000ede00000)
  to   space 44032K, 0% used [0x00000000e8f00000,0x00000000e8f00000,0x00000000eba00000)
 ParOldGen       total 162304K, used 50955K [0x00000000a0000000, 0x00000000a9e80000, 0x00000000e0000000)
  object space 162304K, 31% used [0x00000000a0000000,0x00000000a31c2dc8,0x00000000a9e80000)
 Metaspace       used 74935K, capacity 76724K, committed 77056K, reserved 1116160K
  class space    used 8944K, capacity 9349K, committed 9472K, reserved 1048576K
GC Heap History (10 events):
Event: 48.183 GC heap before
{Heap before GC invocations=14 (full 3):
 PSYoungGen      total 119808K, used 119782K [0x00000000e0000000, 0x00000000e9600000, 0x0000000100000000)
  eden space 94208K, 100% used [0x00000000e0000000,0x00000000e5c00000,0x00000000e5c00000)
  from space 25600K, 99% used [0x00000000e7c80000,0x00000000e9579af8,0x00000000e9580000)
  to   space 29696K, 0% used [0x00000000e5c00000,0x00000000e5c00000,0x00000000e7900000)
 ParOldGen       total 112640K, used 28514K [0x00000000a0000000, 0x00000000a6e00000, 0x00000000e0000000)
  object space 112640K, 25% used [0x00000000a0000000,0x00000000a1bd8878,0x00000000a6e00000)
 Metaspace       used 55084K, capacity 56122K, committed 56320K, reserved 1099776K
  class space    used 6583K, capacity 6826K, committed 6912K, reserved 1048576K
Event: 48.222 GC heap after
Heap after GC invocations=14 (full 3):
 PSYoungGen      total 123904K, used 29675K [0x00000000e0000000, 0x00000000eb680000, 0x0000000100000000)
  eden space 94208K, 0% used [0x00000000e0000000,0x00000000e0000000,0x00000000e5c00000)
  from space 29696K, 99% used [0x00000000e5c00000,0x00000000e78fac50,0x00000000e7900000)
  to   space 34816K, 0% used [0x00000000e9480000,0x00000000e9480000,0x00000000eb680000)
 ParOldGen       total 112640K, used 31040K [0x00000000a0000000, 0x00000000a6e00000, 0x00000000e0000000)
  object space 112640K, 27% used [0x00000000a0000000,0x00000000a1e50010,0x00000000a6e00000)
 Metaspace       used 55084K, capacity 56122K, committed 56320K, reserved 1099776K
  class space    used 6583K, capacity 6826K, committed 6912K, reserved 1048576K
}
Event: 48.664 GC heap before
{Heap before GC invocations=15 (full 3):
 PSYoungGen      total 123904K, used 48321K [0x00000000e0000000, 0x00000000eb680000, 0x0000000100000000)
  eden space 94208K, 19% used [0x00000000e0000000,0x00000000e1235af8,0x00000000e5c00000)
  from space 29696K, 99% used [0x00000000e5c00000,0x00000000e78fac50,0x00000000e7900000)
  to   space 34816K, 0% used [0x00000000e9480000,0x00000000e9480000,0x00000000eb680000)
 ParOldGen       total 112640K, used 31040K [0x00000000a0000000, 0x00000000a6e00000, 0x00000000e0000000)
  object space 112640K, 27% used [0x00000000a0000000,0x00000000a1e50010,0x00000000a6e00000)
 Metaspace       used 57862K, capacity 58894K, committed 59160K, reserved 1101824K
  class space    used 6952K, capacity 7214K, committed 7296K, reserved 1048576K
Event: 48.703 GC heap after
Heap after GC invocations=15 (full 3):
 PSYoungGen      total 149504K, used 27131K [0x00000000e0000000, 0x00000000ec300000, 0x0000000100000000)
  eden space 114688K, 0% used [0x00000000e0000000,0x00000000e0000000,0x00000000e7000000)
  from space 34816K, 77% used [0x00000000e9480000,0x00000000eaefed88,0x00000000eb680000)
  to   space 37376K, 0% used [0x00000000e7000000,0x00000000e7000000,0x00000000e9480000)
 ParOldGen       total 112640K, used 34967K [0x00000000a0000000, 0x00000000a6e00000, 0x00000000e0000000)
  object space 112640K, 31% used [0x00000000a0000000,0x00000000a2225ed0,0x00000000a6e00000)
 Metaspace       used 57862K, capacity 58894K, committed 59160K, reserved 1101824K
  class space    used 6952K, capacity 7214K, committed 7296K, reserved 1048576K
}
Event: 48.703 GC heap before
{Heap before GC invocations=16 (full 4):
 PSYoungGen      total 149504K, used 27131K [0x00000000e0000000, 0x00000000ec300000, 0x0000000100000000)
  eden space 114688K, 0% used [0x00000000e0000000,0x00000000e0000000,0x00000000e7000000)
  from space 34816K, 77% used [0x00000000e9480000,0x00000000eaefed88,0x00000000eb680000)
  to   space 37376K, 0% used [0x00000000e7000000,0x00000000e7000000,0x00000000e9480000)
 ParOldGen       total 112640K, used 34967K [0x00000000a0000000, 0x00000000a6e00000, 0x00000000e0000000)
  object space 112640K, 31% used [0x00000000a0000000,0x00000000a2225ed0,0x00000000a6e00000)
 Metaspace       used 57862K, capacity 58894K, committed 59160K, reserved 1101824K
  class space    used 6952K, capacity 7214K, committed 7296K, reserved 1048576K
Event: 48.913 GC heap after
Heap after GC invocations=16 (full 4):
 PSYoungGen      total 149504K, used 0K [0x00000000e0000000, 0x00000000ec300000, 0x0000000100000000)
  eden space 114688K, 0% used [0x00000000e0000000,0x00000000e0000000,0x00000000e7000000)
  from space 34816K, 0% used [0x00000000e9480000,0x00000000e9480000,0x00000000eb680000)
  to   space 37376K, 0% used [0x00000000e7000000,0x00000000e7000000,0x00000000e9480000)
 ParOldGen       total 162304K, used 45249K [0x00000000a0000000, 0x00000000a9e80000, 0x00000000e0000000)
  object space 162304K, 27% used [0x00000000a0000000,0x00000000a2c306f0,0x00000000a9e80000)
 Metaspace       used 57862K, capacity 58894K, committed 59160K, reserved 1101824K
  class space    used 6952K, capacity 7214K, committed 7296K, reserved 1048576K
}
Event: 53.970 GC heap before
{Heap before GC invocations=17 (full 4):
 PSYoungGen      total 149504K, used 114688K [0x00000000e0000000, 0x00000000ec300000, 0x0000000100000000)
  eden space 114688K, 100% used [0x00000000e0000000,0x00000000e7000000,0x00000000e7000000)
  from space 34816K, 0% used [0x00000000e9480000,0x00000000e9480000,0x00000000eb680000)
  to   space 37376K, 0% used [0x00000000e7000000,0x00000000e7000000,0x00000000e9480000)
 ParOldGen       total 162304K, used 45249K [0x00000000a0000000, 0x00000000a9e80000, 0x00000000e0000000)
  object space 162304K, 27% used [0x00000000a0000000,0x00000000a2c306f0,0x00000000a9e80000)
 Metaspace       used 61469K, capacity 62660K, committed 62976K, reserved 1103872K
  class space    used 7247K, capacity 7563K, committed 7680K, reserved 1048576K
Event: 53.990 GC heap after
Heap after GC invocations=17 (full 4):
 PSYoungGen      total 152064K, used 20475K [0x00000000e0000000, 0x00000000ede00000, 0x0000000100000000)
  eden space 114688K, 0% used [0x00000000e0000000,0x00000000e0000000,0x00000000e7000000)
  from space 37376K, 54% used [0x00000000e7000000,0x00000000e83fed48,0x00000000e9480000)
  to   space 36864K, 0% used [0x00000000eba00000,0x00000000eba00000,0x00000000ede00000)
 ParOldGen       total 162304K, used 45257K [0x00000000a0000000, 0x00000000a9e80000, 0x00000000e0000000)
  object space 162304K, 27% used [0x00000000a0000000,0x00000000a2c326f0,0x00000000a9e80000)
 Metaspace       used 61469K, capacity 62660K, committed 62976K, reserved 1103872K
  class space    used 7247K, capacity 7563K, committed 7680K, reserved 1048576K
}
Event: 55.245 GC heap before
{Heap before GC invocations=18 (full 4):
 PSYoungGen      total 152064K, used 135163K [0x00000000e0000000, 0x00000000ede00000, 0x0000000100000000)
  eden space 114688K, 100% used [0x00000000e0000000,0x00000000e7000000,0x00000000e7000000)
  from space 37376K, 54% used [0x00000000e7000000,0x00000000e83fed48,0x00000000e9480000)
  to   space 36864K, 0% used [0x00000000eba00000,0x00000000eba00000,0x00000000ede00000)
 ParOldGen       total 162304K, used 45257K [0x00000000a0000000, 0x00000000a9e80000, 0x00000000e0000000)
  object space 162304K, 27% used [0x00000000a0000000,0x00000000a2c326f0,0x00000000a9e80000)
 Metaspace       used 65920K, capacity 67324K, committed 67584K, reserved 1107968K
  class space    used 7782K, capacity 8137K, committed 8192K, reserved 1048576K
Event: 55.287 GC heap after
Heap after GC invocations=18 (full 4):
 PSYoungGen      total 183296K, used 36843K [0x00000000e0000000, 0x00000000eec80000, 0x0000000100000000)
  eden space 146432K, 0% used [0x00000000e0000000,0x00000000e0000000,0x00000000e8f00000)
  from space 36864K, 99% used [0x00000000eba00000,0x00000000eddfae10,0x00000000ede00000)
  to   space 44032K, 0% used [0x00000000e8f00000,0x00000000e8f00000,0x00000000eba00000)
 ParOldGen       total 162304K, used 50955K [0x00000000a0000000, 0x00000000a9e80000, 0x00000000e0000000)
  object space 162304K, 31% used [0x00000000a0000000,0x00000000a31c2dc8,0x00000000a9e80000)
 Metaspace       used 65920K, capacity 67324K, committed 67584K, reserved 1107968K
  class space    used 7782K, capacity 8137K, committed 8192K, reserved 1048576K
}

