# JRE version: OpenJDK Runtime Environment (8.0_152-b01) (build 1.8.0_152-release-1248-b01)
# Java VM: OpenJDK 64-Bit Server VM (25.152-b01 mixed mode windows-amd64 compressed oops)
Heap:
 PSYoungGen      total 439808K, used 349160K [0x00000000e0000000, 0x0000000100000000, 0x0000000100000000)
  eden space 360448K, 82% used [0x00000000e0000000,0x00000000f20c8a38,0x00000000f6000000)
  from space 79360K, 67% used [0x00000000fb280000,0x00000000fe6b1790,0x0000000100000000)
  to   space 81920K, 0% used [0x00000000f6000000,0x00000000f6000000,0x00000000fb000000)
 ParOldGen       total 202752K, used 181280K [0x00000000a0000000, 0x00000000ac600000, 0x00000000e0000000)
  object space 202752K, 89% used [0x00000000a0000000,0x00000000ab108088,0x00000000ac600000)
 Metaspace       used 82227K, capacity 85120K, committed 85272K, reserved 1124352K
  class space    used 10709K, capacity 11310K, committed 11312K, reserved 1048576K
GC Heap History (10 events):
Event: 23.654 GC heap before
{Heap before GC invocations=28 (full 4):
 PSYoungGen      total 446976K, used 446898K [0x00000000e0000000, 0x0000000100000000, 0x0000000100000000)
  eden space 407552K, 100% used [0x00000000e0000000,0x00000000f8e00000,0x00000000f8e00000)
  from space 39424K, 99% used [0x00000000f8e00000,0x00000000fb46c8d8,0x00000000fb480000)
  to   space 60928K, 0% used [0x00000000fc480000,0x00000000fc480000,0x0000000100000000)
 ParOldGen       total 202752K, used 156912K [0x00000000a0000000, 0x00000000ac600000, 0x00000000e0000000)
  object space 202752K, 77% used [0x00000000a0000000,0x00000000a993c280,0x00000000ac600000)
 Metaspace       used 75738K, capacity 78268K, committed 78616K, reserved 1118208K
  class space    used 9876K, capacity 10441K, committed 10544K, reserved 1048576K
Event: 23.681 GC heap after
Heap after GC invocations=28 (full 4):
 PSYoungGen      total 460288K, used 39190K [0x00000000e0000000, 0x0000000100000000, 0x0000000100000000)
  eden space 399360K, 0% used [0x00000000e0000000,0x00000000e0000000,0x00000000f8600000)
  from space 60928K, 64% used [0x00000000fc480000,0x00000000feac5980,0x0000000100000000)
  to   space 62464K, 0% used [0x00000000f8600000,0x00000000f8600000,0x00000000fc300000)
 ParOldGen       total 202752K, used 165976K [0x00000000a0000000, 0x00000000ac600000, 0x00000000e0000000)
  object space 202752K, 81% used [0x00000000a0000000,0x00000000aa216170,0x00000000ac600000)
 Metaspace       used 75738K, capacity 78268K, committed 78616K, reserved 1118208K
  class space    used 9876K, capacity 10441K, committed 10544K, reserved 1048576K
}
Event: 24.199 GC heap before
{Heap before GC invocations=29 (full 4):
 PSYoungGen      total 460288K, used 438550K [0x00000000e0000000, 0x0000000100000000, 0x0000000100000000)
  eden space 399360K, 100% used [0x00000000e0000000,0x00000000f8600000,0x00000000f8600000)
  from space 60928K, 64% used [0x00000000fc480000,0x00000000feac5980,0x0000000100000000)
  to   space 62464K, 0% used [0x00000000f8600000,0x00000000f8600000,0x00000000fc300000)
 ParOldGen       total 202752K, used 165976K [0x00000000a0000000, 0x00000000ac600000, 0x00000000e0000000)
  object space 202752K, 81% used [0x00000000a0000000,0x00000000aa216170,0x00000000ac600000)
 Metaspace       used 75941K, capacity 78528K, committed 78616K, reserved 1118208K
  class space    used 9908K, capacity 10481K, committed 10544K, reserved 1048576K
Event: 24.220 GC heap after
Heap after GC invocations=29 (full 4):
 PSYoungGen      total 446976K, used 47146K [0x00000000e0000000, 0x0000000100000000, 0x0000000100000000)
  eden space 399360K, 0% used [0x00000000e0000000,0x00000000e0000000,0x00000000f8600000)
  from space 47616K, 99% used [0x00000000f8600000,0x00000000fb40a820,0x00000000fb480000)
  to   space 66560K, 0% used [0x00000000fbf00000,0x00000000fbf00000,0x0000000100000000)
 ParOldGen       total 202752K, used 165976K [0x00000000a0000000, 0x00000000ac600000, 0x00000000e0000000)
  object space 202752K, 81% used [0x00000000a0000000,0x00000000aa216170,0x00000000ac600000)
 Metaspace       used 75941K, capacity 78528K, committed 78616K, reserved 1118208K
  class space    used 9908K, capacity 10481K, committed 10544K, reserved 1048576K
}
Event: 24.727 GC heap before
{Heap before GC invocations=30 (full 4):
 PSYoungGen      total 446976K, used 446506K [0x00000000e0000000, 0x0000000100000000, 0x0000000100000000)
  eden space 399360K, 100% used [0x00000000e0000000,0x00000000f8600000,0x00000000f8600000)
  from space 47616K, 99% used [0x00000000f8600000,0x00000000fb40a820,0x00000000fb480000)
  to   space 66560K, 0% used [0x00000000fbf00000,0x00000000fbf00000,0x0000000100000000)
 ParOldGen       total 202752K, used 165976K [0x00000000a0000000, 0x00000000ac600000, 0x00000000e0000000)
  object space 202752K, 81% used [0x00000000a0000000,0x00000000aa216170,0x00000000ac600000)
 Metaspace       used 75945K, capacity 78528K, committed 78616K, reserved 1118208K
  class space    used 9908K, capacity 10481K, committed 10544K, reserved 1048576K
Event: 24.751 GC heap after
Heap after GC invocations=30 (full 4):
 PSYoungGen      total 443392K, used 57684K [0x00000000e0000000, 0x0000000100000000, 0x0000000100000000)
  eden space 376832K, 0% used [0x00000000e0000000,0x00000000e0000000,0x00000000f7000000)
  from space 66560K, 86% used [0x00000000fbf00000,0x00000000ff755080,0x0000000100000000)
  to   space 73728K, 0% used [0x00000000f7000000,0x00000000f7000000,0x00000000fb800000)
 ParOldGen       total 202752K, used 165976K [0x00000000a0000000, 0x00000000ac600000, 0x00000000e0000000)
  object space 202752K, 81% used [0x00000000a0000000,0x00000000aa216170,0x00000000ac600000)
 Metaspace       used 75945K, capacity 78528K, committed 78616K, reserved 1118208K
  class space    used 9908K, capacity 10481K, committed 10544K, reserved 1048576K
}
Event: 25.188 GC heap before
{Heap before GC invocations=31 (full 4):
 PSYoungGen      total 443392K, used 434516K [0x00000000e0000000, 0x0000000100000000, 0x0000000100000000)
  eden space 376832K, 100% used [0x00000000e0000000,0x00000000f7000000,0x00000000f7000000)
  from space 66560K, 86% used [0x00000000fbf00000,0x00000000ff755080,0x0000000100000000)
  to   space 73728K, 0% used [0x00000000f7000000,0x00000000f7000000,0x00000000fb800000)
 ParOldGen       total 202752K, used 165976K [0x00000000a0000000, 0x00000000ac600000, 0x00000000e0000000)
  object space 202752K, 81% used [0x00000000a0000000,0x00000000aa216170,0x00000000ac600000)
 Metaspace       used 75946K, capacity 78528K, committed 78616K, reserved 1118208K
  class space    used 9908K, capacity 10481K, committed 10544K, reserved 1048576K
Event: 25.218 GC heap after
Heap after GC invocations=31 (full 4):
 PSYoungGen      total 433664K, used 56795K [0x00000000e0000000, 0x0000000100000000, 0x0000000100000000)
  eden space 376832K, 0% used [0x00000000e0000000,0x00000000e0000000,0x00000000f7000000)
  from space 56832K, 99% used [0x00000000f7000000,0x00000000fa776fa8,0x00000000fa780000)
  to   space 79360K, 0% used [0x00000000fb280000,0x00000000fb280000,0x0000000100000000)
 ParOldGen       total 202752K, used 173897K [0x00000000a0000000, 0x00000000ac600000, 0x00000000e0000000)
  object space 202752K, 85% used [0x00000000a0000000,0x00000000aa9d2480,0x00000000ac600000)
 Metaspace       used 75946K, capacity 78528K, committed 78616K, reserved 1118208K
  class space    used 9908K, capacity 10481K, committed 10544K, reserved 1048576K
}
Event: 28.719 GC heap before
{Heap before GC invocations=32 (full 4):
 PSYoungGen      total 433664K, used 433627K [0x00000000e0000000, 0x0000000100000000, 0x0000000100000000)
  eden space 376832K, 100% used [0x00000000e0000000,0x00000000f7000000,0x00000000f7000000)
  from space 56832K, 99% used [0x00000000f7000000,0x00000000fa776fa8,0x00000000fa780000)
  to   space 79360K, 0% used [0x00000000fb280000,0x00000000fb280000,0x0000000100000000)
 ParOldGen       total 202752K, used 173897K [0x00000000a0000000, 0x00000000ac600000, 0x00000000e0000000)
  object space 202752K, 85% used [0x00000000a0000000,0x00000000aa9d2480,0x00000000ac600000)
 Metaspace       used 76533K, capacity 79156K, committed 79256K, reserved 1118208K
  class space    used 9959K, capacity 10591K, committed 10672K, reserved 1048576K
Event: 28.743 GC heap after
Heap after GC invocations=32 (full 4):
 PSYoungGen      total 439808K, used 53445K [0x00000000e0000000, 0x0000000100000000, 0x0000000100000000)
  eden space 360448K, 0% used [0x00000000e0000000,0x00000000e0000000,0x00000000f6000000)
  from space 79360K, 67% used [0x00000000fb280000,0x00000000fe6b1790,0x0000000100000000)
  to   space 81920K, 0% used [0x00000000f6000000,0x00000000f6000000,0x00000000fb000000)
 ParOldGen       total 202752K, used 181280K [0x00000000a0000000, 0x00000000ac600000, 0x00000000e0000000)
  object space 202752K, 89% used [0x00000000a0000000,0x00000000ab108088,0x00000000ac600000)
 Metaspace       used 76533K, capacity 79156K, committed 79256K, reserved 1118208K
  class space    used 9959K, capacity 10591K, committed 10672K, reserved 1048576K
}

