# JRE version: OpenJDK Runtime Environment (8.0_152-b01) (build 1.8.0_152-release-1248-b01)
# Java VM: OpenJDK 64-Bit Server VM (25.152-b01 mixed mode windows-amd64 compressed oops)
Heap:
 PSYoungGen      total 354304K, used 64326K [0x00000000e0000000, 0x00000000fbb00000, 0x0000000100000000)
  eden space 310784K, 16% used [0x00000000e0000000,0x00000000e3235400,0x00000000f2f80000)
  from space 43520K, 29% used [0x00000000f5700000,0x00000000f639c498,0x00000000f8180000)
  to   space 40448K, 0% used [0x00000000f2f80000,0x00000000f2f80000,0x00000000f5700000)
 ParOldGen       total 184320K, used 136988K [0x00000000a0000000, 0x00000000ab400000, 0x00000000e0000000)
  object space 184320K, 74% used [0x00000000a0000000,0x00000000a85c7028,0x00000000ab400000)
 Metaspace       used 74260K, capacity 76542K, committed 76568K, reserved 1116160K
  class space    used 9737K, capacity 10284K, committed 10288K, reserved 1048576K
GC Heap History (10 events):
Event: 59.462 GC heap before
{Heap before GC invocations=20 (full 4):
 PSYoungGen      total 288768K, used 30207K [0x00000000e0000000, 0x00000000f6c00000, 0x0000000100000000)
  eden space 258560K, 0% used [0x00000000e0000000,0x00000000e0000000,0x00000000efc80000)
  from space 30208K, 99% used [0x00000000f2800000,0x00000000f457fce0,0x00000000f4580000)
  to   space 44544K, 0% used [0x00000000efc80000,0x00000000efc80000,0x00000000f2800000)
 ParOldGen       total 94208K, used 94003K [0x00000000a0000000, 0x00000000a5c00000, 0x00000000e0000000)
  object space 94208K, 99% used [0x00000000a0000000,0x00000000a5bccc70,0x00000000a5c00000)
 Metaspace       used 65621K, capacity 67612K, committed 67736K, reserved 1107968K
  class space    used 8785K, capacity 9301K, committed 9392K, reserved 1048576K
Event: 59.889 GC heap after
Heap after GC invocations=20 (full 4):
 PSYoungGen      total 288768K, used 20035K [0x00000000e0000000, 0x00000000f6c00000, 0x0000000100000000)
  eden space 258560K, 0% used [0x00000000e0000000,0x00000000e0000000,0x00000000efc80000)
  from space 30208K, 66% used [0x00000000f2800000,0x00000000f3b90c68,0x00000000f4580000)
  to   space 44544K, 0% used [0x00000000efc80000,0x00000000efc80000,0x00000000f2800000)
 ParOldGen       total 184320K, used 93831K [0x00000000a0000000, 0x00000000ab400000, 0x00000000e0000000)
  object space 184320K, 50% used [0x00000000a0000000,0x00000000a5ba1e58,0x00000000ab400000)
 Metaspace       used 65608K, capacity 67572K, committed 67736K, reserved 1107968K
  class space    used 8781K, capacity 9293K, committed 9392K, reserved 1048576K
}
Event: 62.169 GC heap before
{Heap before GC invocations=21 (full 4):
 PSYoungGen      total 288768K, used 278595K [0x00000000e0000000, 0x00000000f6c00000, 0x0000000100000000)
  eden space 258560K, 100% used [0x00000000e0000000,0x00000000efc80000,0x00000000efc80000)
  from space 30208K, 66% used [0x00000000f2800000,0x00000000f3b90c68,0x00000000f4580000)
  to   space 44544K, 0% used [0x00000000efc80000,0x00000000efc80000,0x00000000f2800000)
 ParOldGen       total 184320K, used 93831K [0x00000000a0000000, 0x00000000ab400000, 0x00000000e0000000)
  object space 184320K, 50% used [0x00000000a0000000,0x00000000a5ba1e58,0x00000000ab400000)
 Metaspace       used 68977K, capacity 71050K, committed 71192K, reserved 1110016K
  class space    used 9114K, capacity 9650K, committed 9776K, reserved 1048576K
Event: 62.219 GC heap after
Heap after GC invocations=21 (full 4):
 PSYoungGen      total 303104K, used 20797K [0x00000000e0000000, 0x00000000f8180000, 0x0000000100000000)
  eden space 258560K, 0% used [0x00000000e0000000,0x00000000e0000000,0x00000000efc80000)
  from space 44544K, 46% used [0x00000000efc80000,0x00000000f10cf668,0x00000000f2800000)
  to   space 43520K, 0% used [0x00000000f5700000,0x00000000f5700000,0x00000000f8180000)
 ParOldGen       total 184320K, used 114960K [0x00000000a0000000, 0x00000000ab400000, 0x00000000e0000000)
  object space 184320K, 62% used [0x00000000a0000000,0x00000000a70443c8,0x00000000ab400000)
 Metaspace       used 68977K, capacity 71050K, committed 71192K, reserved 1110016K
  class space    used 9114K, capacity 9650K, committed 9776K, reserved 1048576K
}
Event: 63.105 GC heap before
{Heap before GC invocations=22 (full 4):
 PSYoungGen      total 303104K, used 279357K [0x00000000e0000000, 0x00000000f8180000, 0x0000000100000000)
  eden space 258560K, 100% used [0x00000000e0000000,0x00000000efc80000,0x00000000efc80000)
  from space 44544K, 46% used [0x00000000efc80000,0x00000000f10cf668,0x00000000f2800000)
  to   space 43520K, 0% used [0x00000000f5700000,0x00000000f5700000,0x00000000f8180000)
 ParOldGen       total 184320K, used 114960K [0x00000000a0000000, 0x00000000ab400000, 0x00000000e0000000)
  object space 184320K, 62% used [0x00000000a0000000,0x00000000a70443c8,0x00000000ab400000)
 Metaspace       used 72402K, capacity 74540K, committed 74776K, reserved 1114112K
  class space    used 9627K, capacity 10173K, committed 10288K, reserved 1048576K
Event: 63.128 GC heap after
Heap after GC invocations=22 (full 4):
 PSYoungGen      total 351232K, used 25312K [0x00000000e0000000, 0x00000000f8500000, 0x0000000100000000)
  eden space 307712K, 0% used [0x00000000e0000000,0x00000000e0000000,0x00000000f2c80000)
  from space 43520K, 58% used [0x00000000f5700000,0x00000000f6fb81e8,0x00000000f8180000)
  to   space 43520K, 0% used [0x00000000f2c80000,0x00000000f2c80000,0x00000000f5700000)
 ParOldGen       total 184320K, used 114968K [0x00000000a0000000, 0x00000000ab400000, 0x00000000e0000000)
  object space 184320K, 62% used [0x00000000a0000000,0x00000000a70463c8,0x00000000ab400000)
 Metaspace       used 72402K, capacity 74540K, committed 74776K, reserved 1114112K
  class space    used 9627K, capacity 10173K, committed 10288K, reserved 1048576K
}
Event: 64.534 GC heap before
{Heap before GC invocations=23 (full 4):
 PSYoungGen      total 351232K, used 333024K [0x00000000e0000000, 0x00000000f8500000, 0x0000000100000000)
  eden space 307712K, 100% used [0x00000000e0000000,0x00000000f2c80000,0x00000000f2c80000)
  from space 43520K, 58% used [0x00000000f5700000,0x00000000f6fb81e8,0x00000000f8180000)
  to   space 43520K, 0% used [0x00000000f2c80000,0x00000000f2c80000,0x00000000f5700000)
 ParOldGen       total 184320K, used 114968K [0x00000000a0000000, 0x00000000ab400000, 0x00000000e0000000)
  object space 184320K, 62% used [0x00000000a0000000,0x00000000a70463c8,0x00000000ab400000)
 Metaspace       used 73835K, capacity 76138K, committed 76312K, reserved 1116160K
  class space    used 9703K, capacity 10248K, committed 10288K, reserved 1048576K
Event: 64.563 GC heap after
Heap after GC invocations=23 (full 4):
 PSYoungGen      total 351232K, used 11760K [0x00000000e0000000, 0x00000000f8500000, 0x0000000100000000)
  eden space 307712K, 0% used [0x00000000e0000000,0x00000000e0000000,0x00000000f2c80000)
  from space 43520K, 27% used [0x00000000f2c80000,0x00000000f37fc0c8,0x00000000f5700000)
  to   space 43520K, 0% used [0x00000000f5700000,0x00000000f5700000,0x00000000f8180000)
 ParOldGen       total 184320K, used 131772K [0x00000000a0000000, 0x00000000ab400000, 0x00000000e0000000)
  object space 184320K, 71% used [0x00000000a0000000,0x00000000a80af248,0x00000000ab400000)
 Metaspace       used 73835K, capacity 76138K, committed 76312K, reserved 1116160K
  class space    used 9703K, capacity 10248K, committed 10288K, reserved 1048576K
}
Event: 65.462 GC heap before
{Heap before GC invocations=24 (full 4):
 PSYoungGen      total 351232K, used 319472K [0x00000000e0000000, 0x00000000f8500000, 0x0000000100000000)
  eden space 307712K, 100% used [0x00000000e0000000,0x00000000f2c80000,0x00000000f2c80000)
  from space 43520K, 27% used [0x00000000f2c80000,0x00000000f37fc0c8,0x00000000f5700000)
  to   space 43520K, 0% used [0x00000000f5700000,0x00000000f5700000,0x00000000f8180000)
 ParOldGen       total 184320K, used 131772K [0x00000000a0000000, 0x00000000ab400000, 0x00000000e0000000)
  object space 184320K, 71% used [0x00000000a0000000,0x00000000a80af248,0x00000000ab400000)
 Metaspace       used 74226K, capacity 76538K, committed 76568K, reserved 1116160K
  class space    used 9737K, capacity 10284K, committed 10288K, reserved 1048576K
Event: 65.484 GC heap after
Heap after GC invocations=24 (full 4):
 PSYoungGen      total 354304K, used 12913K [0x00000000e0000000, 0x00000000fbb00000, 0x0000000100000000)
  eden space 310784K, 0% used [0x00000000e0000000,0x00000000e0000000,0x00000000f2f80000)
  from space 43520K, 29% used [0x00000000f5700000,0x00000000f639c498,0x00000000f8180000)
  to   space 40448K, 0% used [0x00000000f2f80000,0x00000000f2f80000,0x00000000f5700000)
 ParOldGen       total 184320K, used 136988K [0x00000000a0000000, 0x00000000ab400000, 0x00000000e0000000)
  object space 184320K, 74% used [0x00000000a0000000,0x00000000a85c7028,0x00000000ab400000)
 Metaspace       used 74226K, capacity 76538K, committed 76568K, reserved 1116160K
  class space    used 9737K, capacity 10284K, committed 10288K, reserved 1048576K
}

