# JRE version: OpenJDK Runtime Environment (8.0_152-b01) (build 1.8.0_152-release-1248-b01)
# Java VM: OpenJDK 64-Bit Server VM (25.152-b01 mixed mode windows-amd64 compressed oops)
Heap:
 PSYoungGen      total 291840K, used 186243K [0x00000000e0000000, 0x00000000f7400000, 0x0000000100000000)
  eden space 263168K, 61% used [0x00000000e0000000,0x00000000e9d72898,0x00000000f0100000)
  from space 28672K, 87% used [0x00000000f0100000,0x00000000f196e5f0,0x00000000f1d00000)
  to   space 31744K, 0% used [0x00000000f5500000,0x00000000f5500000,0x00000000f7400000)
 ParOldGen       total 115712K, used 72041K [0x00000000a0000000, 0x00000000a7100000, 0x00000000e0000000)
  object space 115712K, 62% used [0x00000000a0000000,0x00000000a465a7b0,0x00000000a7100000)
 Metaspace       used 79497K, capacity 83064K, committed 83328K, reserved 1122304K
  class space    used 10466K, capacity 11267K, committed 11392K, reserved 1048576K
GC Heap History (10 events):
Event: 15.632 GC heap before
{Heap before GC invocations=14 (full 3):
 PSYoungGen      total 178688K, used 15355K [0x00000000e0000000, 0x00000000f0280000, 0x0000000100000000)
  eden space 163328K, 0% used [0x00000000e0000000,0x00000000e0000000,0x00000000e9f80000)
  from space 15360K, 99% used [0x00000000e9f80000,0x00000000eae7ee00,0x00000000eae80000)
  to   space 20480K, 0% used [0x00000000eee80000,0x00000000eee80000,0x00000000f0280000)
 ParOldGen       total 74240K, used 31986K [0x00000000a0000000, 0x00000000a4880000, 0x00000000e0000000)
  object space 74240K, 43% used [0x00000000a0000000,0x00000000a1f3c8e8,0x00000000a4880000)
 Metaspace       used 57543K, capacity 59076K, committed 59160K, reserved 1099776K
  class space    used 7794K, capacity 8246K, committed 8320K, reserved 1048576K
Event: 15.910 GC heap after
Heap after GC invocations=14 (full 3):
 PSYoungGen      total 178688K, used 0K [0x00000000e0000000, 0x00000000f0280000, 0x0000000100000000)
  eden space 163328K, 0% used [0x00000000e0000000,0x00000000e0000000,0x00000000e9f80000)
  from space 15360K, 0% used [0x00000000e9f80000,0x00000000e9f80000,0x00000000eae80000)
  to   space 20480K, 0% used [0x00000000eee80000,0x00000000eee80000,0x00000000f0280000)
 ParOldGen       total 115712K, used 39653K [0x00000000a0000000, 0x00000000a7100000, 0x00000000e0000000)
  object space 115712K, 34% used [0x00000000a0000000,0x00000000a26b9768,0x00000000a7100000)
 Metaspace       used 57543K, capacity 59076K, committed 59160K, reserved 1099776K
  class space    used 7794K, capacity 8246K, committed 8320K, reserved 1048576K
}
Event: 18.779 GC heap before
{Heap before GC invocations=15 (full 3):
 PSYoungGen      total 178688K, used 163328K [0x00000000e0000000, 0x00000000f0280000, 0x0000000100000000)
  eden space 163328K, 100% used [0x00000000e0000000,0x00000000e9f80000,0x00000000e9f80000)
  from space 15360K, 0% used [0x00000000e9f80000,0x00000000e9f80000,0x00000000eae80000)
  to   space 20480K, 0% used [0x00000000eee80000,0x00000000eee80000,0x00000000f0280000)
 ParOldGen       total 115712K, used 39653K [0x00000000a0000000, 0x00000000a7100000, 0x00000000e0000000)
  object space 115712K, 34% used [0x00000000a0000000,0x00000000a26b9768,0x00000000a7100000)
 Metaspace       used 62374K, capacity 64396K, committed 64768K, reserved 1105920K
  class space    used 8543K, capacity 9096K, committed 9216K, reserved 1048576K
Event: 18.843 GC heap after
Heap after GC invocations=15 (full 3):
 PSYoungGen      total 223744K, used 15152K [0x00000000e0000000, 0x00000000efd80000, 0x0000000100000000)
  eden space 208384K, 0% used [0x00000000e0000000,0x00000000e0000000,0x00000000ecb80000)
  from space 15360K, 98% used [0x00000000eee80000,0x00000000efd4c220,0x00000000efd80000)
  to   space 21504K, 0% used [0x00000000ed380000,0x00000000ed380000,0x00000000ee880000)
 ParOldGen       total 115712K, used 39661K [0x00000000a0000000, 0x00000000a7100000, 0x00000000e0000000)
  object space 115712K, 34% used [0x00000000a0000000,0x00000000a26bb768,0x00000000a7100000)
 Metaspace       used 62374K, capacity 64396K, committed 64768K, reserved 1105920K
  class space    used 8543K, capacity 9096K, committed 9216K, reserved 1048576K
}
Event: 23.467 GC heap before
{Heap before GC invocations=16 (full 3):
 PSYoungGen      total 223744K, used 223536K [0x00000000e0000000, 0x00000000efd80000, 0x0000000100000000)
  eden space 208384K, 100% used [0x00000000e0000000,0x00000000ecb80000,0x00000000ecb80000)
  from space 15360K, 98% used [0x00000000eee80000,0x00000000efd4c220,0x00000000efd80000)
  to   space 21504K, 0% used [0x00000000ed380000,0x00000000ed380000,0x00000000ee880000)
 ParOldGen       total 115712K, used 39661K [0x00000000a0000000, 0x00000000a7100000, 0x00000000e0000000)
  object space 115712K, 34% used [0x00000000a0000000,0x00000000a26bb768,0x00000000a7100000)
 Metaspace       used 66862K, capacity 69285K, committed 69632K, reserved 1110016K
  class space    used 9059K, capacity 9665K, committed 9728K, reserved 1048576K
Event: 23.536 GC heap after
Heap after GC invocations=16 (full 3):
 PSYoungGen      total 238080K, used 21503K [0x00000000e0000000, 0x00000000f3900000, 0x0000000100000000)
  eden space 216576K, 0% used [0x00000000e0000000,0x00000000e0000000,0x00000000ed380000)
  from space 21504K, 99% used [0x00000000ed380000,0x00000000ee87fcf8,0x00000000ee880000)
  to   space 28672K, 0% used [0x00000000f1d00000,0x00000000f1d00000,0x00000000f3900000)
 ParOldGen       total 115712K, used 50606K [0x00000000a0000000, 0x00000000a7100000, 0x00000000e0000000)
  object space 115712K, 43% used [0x00000000a0000000,0x00000000a316b8e0,0x00000000a7100000)
 Metaspace       used 66862K, capacity 69285K, committed 69632K, reserved 1110016K
  class space    used 9059K, capacity 9665K, committed 9728K, reserved 1048576K
}
Event: 33.430 GC heap before
{Heap before GC invocations=17 (full 3):
 PSYoungGen      total 238080K, used 238079K [0x00000000e0000000, 0x00000000f3900000, 0x0000000100000000)
  eden space 216576K, 100% used [0x00000000e0000000,0x00000000ed380000,0x00000000ed380000)
  from space 21504K, 99% used [0x00000000ed380000,0x00000000ee87fcf8,0x00000000ee880000)
  to   space 28672K, 0% used [0x00000000f1d00000,0x00000000f1d00000,0x00000000f3900000)
 ParOldGen       total 115712K, used 50606K [0x00000000a0000000, 0x00000000a7100000, 0x00000000e0000000)
  object space 115712K, 43% used [0x00000000a0000000,0x00000000a316b8e0,0x00000000a7100000)
 Metaspace       used 74034K, capacity 76951K, committed 77056K, reserved 1116160K
  class space    used 9773K, capacity 10474K, committed 10496K, reserved 1048576K
Event: 33.523 GC heap after
Heap after GC invocations=17 (full 3):
 PSYoungGen      total 291840K, used 16809K [0x00000000e0000000, 0x00000000f3e80000, 0x0000000100000000)
  eden space 263168K, 0% used [0x00000000e0000000,0x00000000e0000000,0x00000000f0100000)
  from space 28672K, 58% used [0x00000000f1d00000,0x00000000f2d6a7b8,0x00000000f3900000)
  to   space 28672K, 0% used [0x00000000f0100000,0x00000000f0100000,0x00000000f1d00000)
 ParOldGen       total 115712K, used 72033K [0x00000000a0000000, 0x00000000a7100000, 0x00000000e0000000)
  object space 115712K, 62% used [0x00000000a0000000,0x00000000a46587b0,0x00000000a7100000)
 Metaspace       used 74034K, capacity 76951K, committed 77056K, reserved 1116160K
  class space    used 9773K, capacity 10474K, committed 10496K, reserved 1048576K
}
Event: 59.394 GC heap before
{Heap before GC invocations=18 (full 3):
 PSYoungGen      total 291840K, used 279977K [0x00000000e0000000, 0x00000000f3e80000, 0x0000000100000000)
  eden space 263168K, 100% used [0x00000000e0000000,0x00000000f0100000,0x00000000f0100000)
  from space 28672K, 58% used [0x00000000f1d00000,0x00000000f2d6a7b8,0x00000000f3900000)
  to   space 28672K, 0% used [0x00000000f0100000,0x00000000f0100000,0x00000000f1d00000)
 ParOldGen       total 115712K, used 72033K [0x00000000a0000000, 0x00000000a7100000, 0x00000000e0000000)
  object space 115712K, 62% used [0x00000000a0000000,0x00000000a46587b0,0x00000000a7100000)
 Metaspace       used 77084K, capacity 80269K, committed 80640K, reserved 1118208K
  class space    used 10142K, capacity 10885K, committed 11008K, reserved 1048576K
Event: 59.429 GC heap after
Heap after GC invocations=18 (full 3):
 PSYoungGen      total 291840K, used 25017K [0x00000000e0000000, 0x00000000f7400000, 0x0000000100000000)
  eden space 263168K, 0% used [0x00000000e0000000,0x00000000e0000000,0x00000000f0100000)
  from space 28672K, 87% used [0x00000000f0100000,0x00000000f196e5f0,0x00000000f1d00000)
  to   space 31744K, 0% used [0x00000000f5500000,0x00000000f5500000,0x00000000f7400000)
 ParOldGen       total 115712K, used 72041K [0x00000000a0000000, 0x00000000a7100000, 0x00000000e0000000)
  object space 115712K, 62% used [0x00000000a0000000,0x00000000a465a7b0,0x00000000a7100000)
 Metaspace       used 77084K, capacity 80269K, committed 80640K, reserved 1118208K
  class space    used 10142K, capacity 10885K, committed 11008K, reserved 1048576K
}

