# JRE version: OpenJDK Runtime Environment (8.0_152-b06) (build 1.8.0_152-release-1136-b06)
# Java VM: OpenJDK 64-Bit Server VM (25.152-b06 mixed mode windows-amd64 compressed oops)
Heap:
 PSYoungGen      total 167936K, used 137801K [0x00000000e0000000, 0x00000000ed780000, 0x0000000100000000)
  eden space 144896K, 86% used [0x00000000e0000000,0x00000000e7a0ae68,0x00000000e8d80000)
  from space 23040K, 55% used [0x00000000e8d80000,0x00000000e9a07628,0x00000000ea400000)
  to   space 22528K, 0% used [0x00000000ec180000,0x00000000ec180000,0x00000000ed780000)
 ParOldGen       total 143360K, used 39764K [0x00000000a0000000, 0x00000000a8c00000, 0x00000000e0000000)
  object space 143360K, 27% used [0x00000000a0000000,0x00000000a26d53f8,0x00000000a8c00000)
 Metaspace       used 68177K, capacity 70016K, committed 70168K, reserved 1110016K
  class space    used 8996K, capacity 9429K, committed 9520K, reserved 1048576K
GC Heap History (10 events):
Event: 29.738 GC heap before
{Heap before GC invocations=14 (full 2):
 PSYoungGen      total 109568K, used 109553K [0x00000000e0000000, 0x00000000e9580000, 0x0000000100000000)
  eden space 98304K, 100% used [0x00000000e0000000,0x00000000e6000000,0x00000000e6000000)
  from space 11264K, 99% used [0x00000000e6000000,0x00000000e6afc440,0x00000000e6b00000)
  to   space 14848K, 0% used [0x00000000e8700000,0x00000000e8700000,0x00000000e9580000)
 ParOldGen       total 90112K, used 21047K [0x00000000a0000000, 0x00000000a5800000, 0x00000000e0000000)
  object space 90112K, 23% used [0x00000000a0000000,0x00000000a148dc18,0x00000000a5800000)
 Metaspace       used 54793K, capacity 56510K, committed 56872K, reserved 1097728K
  class space    used 7429K, capacity 7864K, committed 7984K, reserved 1048576K
Event: 29.763 GC heap after
Heap after GC invocations=14 (full 2):
 PSYoungGen      total 134144K, used 14837K [0x00000000e0000000, 0x00000000e9d80000, 0x0000000100000000)
  eden space 119296K, 0% used [0x00000000e0000000,0x00000000e0000000,0x00000000e7480000)
  from space 14848K, 99% used [0x00000000e8700000,0x00000000e957d500,0x00000000e9580000)
  to   space 18944K, 0% used [0x00000000e7480000,0x00000000e7480000,0x00000000e8700000)
 ParOldGen       total 90112K, used 28055K [0x00000000a0000000, 0x00000000a5800000, 0x00000000e0000000)
  object space 90112K, 31% used [0x00000000a0000000,0x00000000a1b65c10,0x00000000a5800000)
 Metaspace       used 54793K, capacity 56510K, committed 56872K, reserved 1097728K
  class space    used 7429K, capacity 7864K, committed 7984K, reserved 1048576K
}
Event: 34.994 GC heap before
{Heap before GC invocations=15 (full 2):
 PSYoungGen      total 134144K, used 89685K [0x00000000e0000000, 0x00000000e9d80000, 0x0000000100000000)
  eden space 119296K, 62% used [0x00000000e0000000,0x00000000e4918180,0x00000000e7480000)
  from space 14848K, 99% used [0x00000000e8700000,0x00000000e957d500,0x00000000e9580000)
  to   space 18944K, 0% used [0x00000000e7480000,0x00000000e7480000,0x00000000e8700000)
 ParOldGen       total 90112K, used 28055K [0x00000000a0000000, 0x00000000a5800000, 0x00000000e0000000)
  object space 90112K, 31% used [0x00000000a0000000,0x00000000a1b65c10,0x00000000a5800000)
 Metaspace       used 57394K, capacity 59126K, committed 59160K, reserved 1099776K
  class space    used 7759K, capacity 8208K, committed 8240K, reserved 1048576K
Event: 35.034 GC heap after
Heap after GC invocations=15 (full 2):
 PSYoungGen      total 138240K, used 18936K [0x00000000e0000000, 0x00000000ec100000, 0x0000000100000000)
  eden space 119296K, 0% used [0x00000000e0000000,0x00000000e0000000,0x00000000e7480000)
  from space 18944K, 99% used [0x00000000e7480000,0x00000000e86fe260,0x00000000e8700000)
  to   space 23552K, 0% used [0x00000000eaa00000,0x00000000eaa00000,0x00000000ec100000)
 ParOldGen       total 90112K, used 33422K [0x00000000a0000000, 0x00000000a5800000, 0x00000000e0000000)
  object space 90112K, 37% used [0x00000000a0000000,0x00000000a20a3900,0x00000000a5800000)
 Metaspace       used 57394K, capacity 59126K, committed 59160K, reserved 1099776K
  class space    used 7759K, capacity 8208K, committed 8240K, reserved 1048576K
}
Event: 35.034 GC heap before
{Heap before GC invocations=16 (full 3):
 PSYoungGen      total 138240K, used 18936K [0x00000000e0000000, 0x00000000ec100000, 0x0000000100000000)
  eden space 119296K, 0% used [0x00000000e0000000,0x00000000e0000000,0x00000000e7480000)
  from space 18944K, 99% used [0x00000000e7480000,0x00000000e86fe260,0x00000000e8700000)
  to   space 23552K, 0% used [0x00000000eaa00000,0x00000000eaa00000,0x00000000ec100000)
 ParOldGen       total 90112K, used 33422K [0x00000000a0000000, 0x00000000a5800000, 0x00000000e0000000)
  object space 90112K, 37% used [0x00000000a0000000,0x00000000a20a3900,0x00000000a5800000)
 Metaspace       used 57394K, capacity 59126K, committed 59160K, reserved 1099776K
  class space    used 7759K, capacity 8208K, committed 8240K, reserved 1048576K
Event: 35.271 GC heap after
Heap after GC invocations=16 (full 3):
 PSYoungGen      total 138240K, used 0K [0x00000000e0000000, 0x00000000ec100000, 0x0000000100000000)
  eden space 119296K, 0% used [0x00000000e0000000,0x00000000e0000000,0x00000000e7480000)
  from space 18944K, 0% used [0x00000000e7480000,0x00000000e7480000,0x00000000e8700000)
  to   space 23552K, 0% used [0x00000000eaa00000,0x00000000eaa00000,0x00000000ec100000)
 ParOldGen       total 143360K, used 39748K [0x00000000a0000000, 0x00000000a8c00000, 0x00000000e0000000)
  object space 143360K, 27% used [0x00000000a0000000,0x00000000a26d13f8,0x00000000a8c00000)
 Metaspace       used 57394K, capacity 59126K, committed 59160K, reserved 1099776K
  class space    used 7759K, capacity 8208K, committed 8240K, reserved 1048576K
}
Event: 48.332 GC heap before
{Heap before GC invocations=17 (full 3):
 PSYoungGen      total 138240K, used 119296K [0x00000000e0000000, 0x00000000ec100000, 0x0000000100000000)
  eden space 119296K, 100% used [0x00000000e0000000,0x00000000e7480000,0x00000000e7480000)
  from space 18944K, 0% used [0x00000000e7480000,0x00000000e7480000,0x00000000e8700000)
  to   space 23552K, 0% used [0x00000000eaa00000,0x00000000eaa00000,0x00000000ec100000)
 ParOldGen       total 143360K, used 39748K [0x00000000a0000000, 0x00000000a8c00000, 0x00000000e0000000)
  object space 143360K, 27% used [0x00000000a0000000,0x00000000a26d13f8,0x00000000a8c00000)
 Metaspace       used 62592K, capacity 64342K, committed 64408K, reserved 1105920K
  class space    used 8427K, capacity 8868K, committed 8880K, reserved 1048576K
Event: 48.347 GC heap after
Heap after GC invocations=17 (full 3):
 PSYoungGen      total 161792K, used 11751K [0x00000000e0000000, 0x00000000eba80000, 0x0000000100000000)
  eden space 144896K, 0% used [0x00000000e0000000,0x00000000e0000000,0x00000000e8d80000)
  from space 16896K, 69% used [0x00000000eaa00000,0x00000000eb579f78,0x00000000eba80000)
  to   space 23040K, 0% used [0x00000000e8d80000,0x00000000e8d80000,0x00000000ea400000)
 ParOldGen       total 143360K, used 39756K [0x00000000a0000000, 0x00000000a8c00000, 0x00000000e0000000)
  object space 143360K, 27% used [0x00000000a0000000,0x00000000a26d33f8,0x00000000a8c00000)
 Metaspace       used 62592K, capacity 64342K, committed 64408K, reserved 1105920K
  class space    used 8427K, capacity 8868K, committed 8880K, reserved 1048576K
}
Event: 51.677 GC heap before
{Heap before GC invocations=18 (full 3):
 PSYoungGen      total 161792K, used 156647K [0x00000000e0000000, 0x00000000eba80000, 0x0000000100000000)
  eden space 144896K, 100% used [0x00000000e0000000,0x00000000e8d80000,0x00000000e8d80000)
  from space 16896K, 69% used [0x00000000eaa00000,0x00000000eb579f78,0x00000000eba80000)
  to   space 23040K, 0% used [0x00000000e8d80000,0x00000000e8d80000,0x00000000ea400000)
 ParOldGen       total 143360K, used 39756K [0x00000000a0000000, 0x00000000a8c00000, 0x00000000e0000000)
  object space 143360K, 27% used [0x00000000a0000000,0x00000000a26d33f8,0x00000000a8c00000)
 Metaspace       used 63894K, capacity 65696K, committed 65944K, reserved 1105920K
  class space    used 8602K, capacity 9035K, committed 9136K, reserved 1048576K
Event: 51.694 GC heap after
Heap after GC invocations=18 (full 3):
 PSYoungGen      total 167936K, used 12829K [0x00000000e0000000, 0x00000000ed780000, 0x0000000100000000)
  eden space 144896K, 0% used [0x00000000e0000000,0x00000000e0000000,0x00000000e8d80000)
  from space 23040K, 55% used [0x00000000e8d80000,0x00000000e9a07628,0x00000000ea400000)
  to   space 22528K, 0% used [0x00000000ec180000,0x00000000ec180000,0x00000000ed780000)
 ParOldGen       total 143360K, used 39764K [0x00000000a0000000, 0x00000000a8c00000, 0x00000000e0000000)
  object space 143360K, 27% used [0x00000000a0000000,0x00000000a26d53f8,0x00000000a8c00000)
 Metaspace       used 63894K, capacity 65696K, committed 65944K, reserved 1105920K
  class space    used 8602K, capacity 9035K, committed 9136K, reserved 1048576K
}

