# JRE version: OpenJDK Runtime Environment (8.0_152-b01) (build 1.8.0_152-release-1248-b01)
# Java VM: OpenJDK 64-Bit Server VM (25.152-b01 mixed mode windows-amd64 compressed oops)
Heap:
 PSYoungGen      total 287232K, used 119346K [0x00000000e0000000, 0x00000000f9b80000, 0x0000000100000000)
  eden space 246272K, 38% used [0x00000000e0000000,0x00000000e5b87308,0x00000000ef080000)
  from space 40960K, 62% used [0x00000000ef080000,0x00000000f0985748,0x00000000f1880000)
  to   space 40960K, 0% used [0x00000000f7380000,0x00000000f7380000,0x00000000f9b80000)
 ParOldGen       total 120832K, used 62522K [0x00000000a0000000, 0x00000000a7600000, 0x00000000e0000000)
  object space 120832K, 51% used [0x00000000a0000000,0x00000000a3d0e9b0,0x00000000a7600000)
 Metaspace       used 88941K, capacity 91068K, committed 91176K, reserved 1130496K
  class space    used 10504K, capacity 11013K, committed 11056K, reserved 1048576K
GC Heap History (10 events):
Event: 756.514 GC heap before
{Heap before GC invocations=18 (full 4):
 PSYoungGen      total 167936K, used 153958K [0x00000000e0000000, 0x00000000ef900000, 0x0000000100000000)
  eden space 131584K, 100% used [0x00000000e0000000,0x00000000e8080000,0x00000000e8080000)
  from space 36352K, 61% used [0x00000000e8080000,0x00000000e9659b20,0x00000000ea400000)
  to   space 36864K, 0% used [0x00000000ed500000,0x00000000ed500000,0x00000000ef900000)
 ParOldGen       total 113664K, used 53068K [0x00000000a0000000, 0x00000000a6f00000, 0x00000000e0000000)
  object space 113664K, 46% used [0x00000000a0000000,0x00000000a33d30c8,0x00000000a6f00000)
 Metaspace       used 72424K, capacity 73982K, committed 74152K, reserved 1114112K
  class space    used 8871K, capacity 9268K, committed 9392K, reserved 1048576K
Event: 756.566 GC heap after
Heap after GC invocations=18 (full 4):
 PSYoungGen      total 215040K, used 30065K [0x00000000e0000000, 0x00000000f0500000, 0x0000000100000000)
  eden space 178176K, 0% used [0x00000000e0000000,0x00000000e0000000,0x00000000eae00000)
  from space 36864K, 81% used [0x00000000ed500000,0x00000000ef25c478,0x00000000ef900000)
  to   space 39936K, 0% used [0x00000000eae00000,0x00000000eae00000,0x00000000ed500000)
 ParOldGen       total 113664K, used 68178K [0x00000000a0000000, 0x00000000a6f00000, 0x00000000e0000000)
  object space 113664K, 59% used [0x00000000a0000000,0x00000000a4294808,0x00000000a6f00000)
 Metaspace       used 72424K, capacity 73982K, committed 74152K, reserved 1114112K
  class space    used 8871K, capacity 9268K, committed 9392K, reserved 1048576K
}
Event: 780.257 GC heap before
{Heap before GC invocations=19 (full 4):
 PSYoungGen      total 215040K, used 208241K [0x00000000e0000000, 0x00000000f0500000, 0x0000000100000000)
  eden space 178176K, 100% used [0x00000000e0000000,0x00000000eae00000,0x00000000eae00000)
  from space 36864K, 81% used [0x00000000ed500000,0x00000000ef25c478,0x00000000ef900000)
  to   space 39936K, 0% used [0x00000000eae00000,0x00000000eae00000,0x00000000ed500000)
 ParOldGen       total 113664K, used 68178K [0x00000000a0000000, 0x00000000a6f00000, 0x00000000e0000000)
  object space 113664K, 59% used [0x00000000a0000000,0x00000000a4294808,0x00000000a6f00000)
 Metaspace       used 77961K, capacity 79638K, committed 79784K, reserved 1120256K
  class space    used 9476K, capacity 9900K, committed 9904K, reserved 1048576K
Event: 780.403 GC heap after
Heap after GC invocations=19 (full 4):
 PSYoungGen      total 218112K, used 17670K [0x00000000e0000000, 0x00000000f3d80000, 0x0000000100000000)
  eden space 178176K, 0% used [0x00000000e0000000,0x00000000e0000000,0x00000000eae00000)
  from space 39936K, 44% used [0x00000000eae00000,0x00000000ebf41808,0x00000000ed500000)
  to   space 37888K, 0% used [0x00000000f1880000,0x00000000f1880000,0x00000000f3d80000)
 ParOldGen       total 113664K, used 96999K [0x00000000a0000000, 0x00000000a6f00000, 0x00000000e0000000)
  object space 113664K, 85% used [0x00000000a0000000,0x00000000a5eb9f68,0x00000000a6f00000)
 Metaspace       used 77961K, capacity 79638K, committed 79784K, reserved 1120256K
  class space    used 9476K, capacity 9900K, committed 9904K, reserved 1048576K
}
Event: 780.403 GC heap before
{Heap before GC invocations=20 (full 5):
 PSYoungGen      total 218112K, used 17670K [0x00000000e0000000, 0x00000000f3d80000, 0x0000000100000000)
  eden space 178176K, 0% used [0x00000000e0000000,0x00000000e0000000,0x00000000eae00000)
  from space 39936K, 44% used [0x00000000eae00000,0x00000000ebf41808,0x00000000ed500000)
  to   space 37888K, 0% used [0x00000000f1880000,0x00000000f1880000,0x00000000f3d80000)
 ParOldGen       total 113664K, used 96999K [0x00000000a0000000, 0x00000000a6f00000, 0x00000000e0000000)
  object space 113664K, 85% used [0x00000000a0000000,0x00000000a5eb9f68,0x00000000a6f00000)
 Metaspace       used 77961K, capacity 79638K, committed 79784K, reserved 1120256K
  class space    used 9476K, capacity 9900K, committed 9904K, reserved 1048576K
Event: 780.528 GC heap after
Heap after GC invocations=20 (full 5):
 PSYoungGen      total 218112K, used 0K [0x00000000e0000000, 0x00000000f3d80000, 0x0000000100000000)
  eden space 178176K, 0% used [0x00000000e0000000,0x00000000e0000000,0x00000000eae00000)
  from space 39936K, 0% used [0x00000000eae00000,0x00000000eae00000,0x00000000ed500000)
  to   space 37888K, 0% used [0x00000000f1880000,0x00000000f1880000,0x00000000f3d80000)
 ParOldGen       total 120832K, used 38785K [0x00000000a0000000, 0x00000000a7600000, 0x00000000e0000000)
  object space 120832K, 32% used [0x00000000a0000000,0x00000000a25e06e0,0x00000000a7600000)
 Metaspace       used 77961K, capacity 79638K, committed 79784K, reserved 1120256K
  class space    used 9476K, capacity 9900K, committed 9904K, reserved 1048576K
}
Event: 789.766 GC heap before
{Heap before GC invocations=21 (full 5):
 PSYoungGen      total 218112K, used 178176K [0x00000000e0000000, 0x00000000f3d80000, 0x0000000100000000)
  eden space 178176K, 100% used [0x00000000e0000000,0x00000000eae00000,0x00000000eae00000)
  from space 39936K, 0% used [0x00000000eae00000,0x00000000eae00000,0x00000000ed500000)
  to   space 37888K, 0% used [0x00000000f1880000,0x00000000f1880000,0x00000000f3d80000)
 ParOldGen       total 120832K, used 38785K [0x00000000a0000000, 0x00000000a7600000, 0x00000000e0000000)
  object space 120832K, 32% used [0x00000000a0000000,0x00000000a25e06e0,0x00000000a7600000)
 Metaspace       used 80766K, capacity 82578K, committed 82728K, reserved 1122304K
  class space    used 9720K, capacity 10194K, committed 10288K, reserved 1048576K
Event: 789.812 GC heap after
Heap after GC invocations=21 (full 5):
 PSYoungGen      total 284160K, used 29753K [0x00000000e0000000, 0x00000000f4200000, 0x0000000100000000)
  eden space 246272K, 0% used [0x00000000e0000000,0x00000000e0000000,0x00000000ef080000)
  from space 37888K, 78% used [0x00000000f1880000,0x00000000f358e648,0x00000000f3d80000)
  to   space 40960K, 0% used [0x00000000ef080000,0x00000000ef080000,0x00000000f1880000)
 ParOldGen       total 120832K, used 38793K [0x00000000a0000000, 0x00000000a7600000, 0x00000000e0000000)
  object space 120832K, 32% used [0x00000000a0000000,0x00000000a25e26e0,0x00000000a7600000)
 Metaspace       used 80766K, capacity 82578K, committed 82728K, reserved 1122304K
  class space    used 9720K, capacity 10194K, committed 10288K, reserved 1048576K
}
Event: 799.006 GC heap before
{Heap before GC invocations=22 (full 5):
 PSYoungGen      total 284160K, used 276025K [0x00000000e0000000, 0x00000000f4200000, 0x0000000100000000)
  eden space 246272K, 100% used [0x00000000e0000000,0x00000000ef080000,0x00000000ef080000)
  from space 37888K, 78% used [0x00000000f1880000,0x00000000f358e648,0x00000000f3d80000)
  to   space 40960K, 0% used [0x00000000ef080000,0x00000000ef080000,0x00000000f1880000)
 ParOldGen       total 120832K, used 38793K [0x00000000a0000000, 0x00000000a7600000, 0x00000000e0000000)
  object space 120832K, 32% used [0x00000000a0000000,0x00000000a25e26e0,0x00000000a7600000)
 Metaspace       used 84125K, capacity 86094K, committed 86184K, reserved 1124352K
  class space    used 10122K, capacity 10620K, committed 10672K, reserved 1048576K
Event: 799.080 GC heap after
Heap after GC invocations=22 (full 5):
 PSYoungGen      total 287232K, used 25621K [0x00000000e0000000, 0x00000000f9b80000, 0x0000000100000000)
  eden space 246272K, 0% used [0x00000000e0000000,0x00000000e0000000,0x00000000ef080000)
  from space 40960K, 62% used [0x00000000ef080000,0x00000000f0985748,0x00000000f1880000)
  to   space 40960K, 0% used [0x00000000f7380000,0x00000000f7380000,0x00000000f9b80000)
 ParOldGen       total 120832K, used 62522K [0x00000000a0000000, 0x00000000a7600000, 0x00000000e0000000)
  object space 120832K, 51% used [0x00000000a0000000,0x00000000a3d0e9b0,0x00000000a7600000)
 Metaspace       used 84125K, capacity 86094K, committed 86184K, reserved 1124352K
  class space    used 10122K, capacity 10620K, committed 10672K, reserved 1048576K
}

