# JRE version: OpenJDK Runtime Environment (8.0_152-b01) (build 1.8.0_152-release-1248-b01)
# Java VM: OpenJDK 64-Bit Server VM (25.152-b01 mixed mode windows-amd64 compressed oops)
Heap:
 PSYoungGen      total 459776K, used 77488K [0x00000000e0000000, 0x0000000100000000, 0x0000000100000000)
  eden space 406528K, 7% used [0x00000000e0000000,0x00000000e1d73b10,0x00000000f8d00000)
  from space 53248K, 88% used [0x00000000fcc00000,0x00000000ffa385b0,0x0000000100000000)
  to   space 58880K, 0% used [0x00000000f8d00000,0x00000000f8d00000,0x00000000fc680000)
 ParOldGen       total 139264K, used 61437K [0x00000000a0000000, 0x00000000a8800000, 0x00000000e0000000)
  object space 139264K, 44% used [0x00000000a0000000,0x00000000a3bff678,0x00000000a8800000)
 Metaspace       used 98679K, capacity 102409K, committed 102696K, reserved 1138688K
  class space    used 11730K, capacity 12528K, committed 12584K, reserved 1048576K
GC Heap History (10 events):
Event: 521.634 GC heap before
{Heap before GC invocations=19 (full 4):
 PSYoungGen      total 354816K, used 345833K [0x00000000e0000000, 0x00000000f9000000, 0x0000000100000000)
  eden space 308224K, 100% used [0x00000000e0000000,0x00000000f2d00000,0x00000000f2d00000)
  from space 46592K, 80% used [0x00000000f6280000,0x00000000f873a548,0x00000000f9000000)
  to   space 50688K, 0% used [0x00000000f2d00000,0x00000000f2d00000,0x00000000f5e80000)
 ParOldGen       total 117760K, used 59746K [0x00000000a0000000, 0x00000000a7300000, 0x00000000e0000000)
  object space 117760K, 50% used [0x00000000a0000000,0x00000000a3a58b50,0x00000000a7300000)
 Metaspace       used 82603K, capacity 85192K, committed 85416K, reserved 1124352K
  class space    used 9793K, capacity 10369K, committed 10408K, reserved 1048576K
Event: 521.680 GC heap after
Heap after GC invocations=19 (full 4):
 PSYoungGen      total 358912K, used 33672K [0x00000000e0000000, 0x00000000fff00000, 0x0000000100000000)
  eden space 308224K, 0% used [0x00000000e0000000,0x00000000e0000000,0x00000000f2d00000)
  from space 50688K, 66% used [0x00000000f2d00000,0x00000000f4de20c8,0x00000000f5e80000)
  to   space 52736K, 0% used [0x00000000fcb80000,0x00000000fcb80000,0x00000000fff00000)
 ParOldGen       total 117760K, used 65267K [0x00000000a0000000, 0x00000000a7300000, 0x00000000e0000000)
  object space 117760K, 55% used [0x00000000a0000000,0x00000000a3fbcd70,0x00000000a7300000)
 Metaspace       used 82603K, capacity 85192K, committed 85416K, reserved 1124352K
  class space    used 9793K, capacity 10369K, committed 10408K, reserved 1048576K
}
Event: 977.603 GC heap before
{Heap before GC invocations=20 (full 4):
 PSYoungGen      total 358912K, used 341896K [0x00000000e0000000, 0x00000000fff00000, 0x0000000100000000)
  eden space 308224K, 100% used [0x00000000e0000000,0x00000000f2d00000,0x00000000f2d00000)
  from space 50688K, 66% used [0x00000000f2d00000,0x00000000f4de20c8,0x00000000f5e80000)
  to   space 52736K, 0% used [0x00000000fcb80000,0x00000000fcb80000,0x00000000fff00000)
 ParOldGen       total 117760K, used 65267K [0x00000000a0000000, 0x00000000a7300000, 0x00000000e0000000)
  object space 117760K, 55% used [0x00000000a0000000,0x00000000a3fbcd70,0x00000000a7300000)
 Metaspace       used 84957K, capacity 87798K, committed 87976K, reserved 1126400K
  class space    used 10019K, capacity 10662K, committed 10664K, reserved 1048576K
Event: 977.683 GC heap after
Heap after GC invocations=20 (full 4):
 PSYoungGen      total 438784K, used 17515K [0x00000000e0000000, 0x00000000fed00000, 0x0000000100000000)
  eden space 404480K, 0% used [0x00000000e0000000,0x00000000e0000000,0x00000000f8b00000)
  from space 34304K, 51% used [0x00000000fcb80000,0x00000000fdc9af28,0x00000000fed00000)
  to   space 50176K, 0% used [0x00000000f8b00000,0x00000000f8b00000,0x00000000fbc00000)
 ParOldGen       total 117760K, used 91350K [0x00000000a0000000, 0x00000000a7300000, 0x00000000e0000000)
  object space 117760K, 77% used [0x00000000a0000000,0x00000000a5935990,0x00000000a7300000)
 Metaspace       used 84957K, capacity 87798K, committed 87976K, reserved 1126400K
  class space    used 10019K, capacity 10662K, committed 10664K, reserved 1048576K
}
Event: 990.795 GC heap before
{Heap before GC invocations=21 (full 4):
 PSYoungGen      total 438784K, used 326602K [0x00000000e0000000, 0x00000000fed00000, 0x0000000100000000)
  eden space 404480K, 76% used [0x00000000e0000000,0x00000000f2dd7ba8,0x00000000f8b00000)
  from space 34304K, 51% used [0x00000000fcb80000,0x00000000fdc9af28,0x00000000fed00000)
  to   space 50176K, 0% used [0x00000000f8b00000,0x00000000f8b00000,0x00000000fbc00000)
 ParOldGen       total 117760K, used 91350K [0x00000000a0000000, 0x00000000a7300000, 0x00000000e0000000)
  object space 117760K, 77% used [0x00000000a0000000,0x00000000a5935990,0x00000000a7300000)
 Metaspace       used 95252K, capacity 98531K, committed 98600K, reserved 1136640K
  class space    used 11363K, capacity 12072K, committed 12072K, reserved 1048576K
Event: 990.838 GC heap after
Heap after GC invocations=21 (full 4):
 PSYoungGen      total 454656K, used 36602K [0x00000000e0000000, 0x0000000100000000, 0x0000000100000000)
  eden space 404480K, 0% used [0x00000000e0000000,0x00000000e0000000,0x00000000f8b00000)
  from space 50176K, 72% used [0x00000000f8b00000,0x00000000faebea60,0x00000000fbc00000)
  to   space 53248K, 0% used [0x00000000fcc00000,0x00000000fcc00000,0x0000000100000000)
 ParOldGen       total 117760K, used 96793K [0x00000000a0000000, 0x00000000a7300000, 0x00000000e0000000)
  object space 117760K, 82% used [0x00000000a0000000,0x00000000a5e86730,0x00000000a7300000)
 Metaspace       used 95252K, capacity 98531K, committed 98600K, reserved 1136640K
  class space    used 11363K, capacity 12072K, committed 12072K, reserved 1048576K
}
Event: 990.838 GC heap before
{Heap before GC invocations=22 (full 5):
 PSYoungGen      total 454656K, used 36602K [0x00000000e0000000, 0x0000000100000000, 0x0000000100000000)
  eden space 404480K, 0% used [0x00000000e0000000,0x00000000e0000000,0x00000000f8b00000)
  from space 50176K, 72% used [0x00000000f8b00000,0x00000000faebea60,0x00000000fbc00000)
  to   space 53248K, 0% used [0x00000000fcc00000,0x00000000fcc00000,0x0000000100000000)
 ParOldGen       total 117760K, used 96793K [0x00000000a0000000, 0x00000000a7300000, 0x00000000e0000000)
  object space 117760K, 82% used [0x00000000a0000000,0x00000000a5e86730,0x00000000a7300000)
 Metaspace       used 95252K, capacity 98531K, committed 98600K, reserved 1136640K
  class space    used 11363K, capacity 12072K, committed 12072K, reserved 1048576K
Event: 991.187 GC heap after
Heap after GC invocations=22 (full 5):
 PSYoungGen      total 454656K, used 0K [0x00000000e0000000, 0x0000000100000000, 0x0000000100000000)
  eden space 404480K, 0% used [0x00000000e0000000,0x00000000e0000000,0x00000000f8b00000)
  from space 50176K, 0% used [0x00000000f8b00000,0x00000000f8b00000,0x00000000fbc00000)
  to   space 53248K, 0% used [0x00000000fcc00000,0x00000000fcc00000,0x0000000100000000)
 ParOldGen       total 139264K, used 61429K [0x00000000a0000000, 0x00000000a8800000, 0x00000000e0000000)
  object space 139264K, 44% used [0x00000000a0000000,0x00000000a3bfd678,0x00000000a8800000)
 Metaspace       used 95252K, capacity 98531K, committed 98600K, reserved 1136640K
  class space    used 11363K, capacity 12072K, committed 12072K, reserved 1048576K
}
Event: 1344.125 GC heap before
{Heap before GC invocations=23 (full 5):
 PSYoungGen      total 454656K, used 404480K [0x00000000e0000000, 0x0000000100000000, 0x0000000100000000)
  eden space 404480K, 100% used [0x00000000e0000000,0x00000000f8b00000,0x00000000f8b00000)
  from space 50176K, 0% used [0x00000000f8b00000,0x00000000f8b00000,0x00000000fbc00000)
  to   space 53248K, 0% used [0x00000000fcc00000,0x00000000fcc00000,0x0000000100000000)
 ParOldGen       total 139264K, used 61429K [0x00000000a0000000, 0x00000000a8800000, 0x00000000e0000000)
  object space 139264K, 44% used [0x00000000a0000000,0x00000000a3bfd678,0x00000000a8800000)
 Metaspace       used 98472K, capacity 102115K, committed 102440K, reserved 1138688K
  class space    used 11700K, capacity 12495K, committed 12584K, reserved 1048576K
Event: 1344.179 GC heap after
Heap after GC invocations=23 (full 5):
 PSYoungGen      total 459776K, used 47329K [0x00000000e0000000, 0x0000000100000000, 0x0000000100000000)
  eden space 406528K, 0% used [0x00000000e0000000,0x00000000e0000000,0x00000000f8d00000)
  from space 53248K, 88% used [0x00000000fcc00000,0x00000000ffa385b0,0x0000000100000000)
  to   space 58880K, 0% used [0x00000000f8d00000,0x00000000f8d00000,0x00000000fc680000)
 ParOldGen       total 139264K, used 61437K [0x00000000a0000000, 0x00000000a8800000, 0x00000000e0000000)
  object space 139264K, 44% used [0x00000000a0000000,0x00000000a3bff678,0x00000000a8800000)
 Metaspace       used 98472K, capacity 102115K, committed 102440K, reserved 1138688K
  class space    used 11700K, capacity 12495K, committed 12584K, reserved 1048576K
}

