# JRE version: OpenJDK Runtime Environment (8.0_152-b01) (build 1.8.0_152-release-1248-b01)
# Java VM: OpenJDK 64-Bit Server VM (25.152-b01 mixed mode windows-amd64 compressed oops)
Heap:
 PSYoungGen      total 443904K, used 357597K [0x00000000e0000000, 0x00000000fe880000, 0x0000000100000000)
  eden space 401920K, 84% used [0x00000000e0000000,0x00000000f4bba158,0x00000000f8880000)
  from space 41984K, 42% used [0x00000000fbf80000,0x00000000fd0fd548,0x00000000fe880000)
  to   space 49152K, 0% used [0x00000000f8880000,0x00000000f8880000,0x00000000fb880000)
 ParOldGen       total 180224K, used 113912K [0x00000000a0000000, 0x00000000ab000000, 0x00000000e0000000)
  object space 180224K, 63% used [0x00000000a0000000,0x00000000a6f3e020,0x00000000ab000000)
 Metaspace       used 105739K, capacity 111044K, committed 111384K, reserved 1146880K
  class space    used 13182K, capacity 14270K, committed 14384K, reserved 1048576K
GC Heap History (10 events):
Event: 2404.385 GC heap before
{Heap before GC invocations=41 (full 5):
 PSYoungGen      total 402944K, used 360960K [0x00000000e0000000, 0x00000000fd280000, 0x0000000100000000)
  eden space 360960K, 100% used [0x00000000e0000000,0x00000000f6080000,0x00000000f6080000)
  from space 41984K, 0% used [0x00000000f7400000,0x00000000f7400000,0x00000000f9d00000)
  to   space 54784K, 0% used [0x00000000f9d00000,0x00000000f9d00000,0x00000000fd280000)
 ParOldGen       total 180224K, used 113880K [0x00000000a0000000, 0x00000000ab000000, 0x00000000e0000000)
  object space 180224K, 63% used [0x00000000a0000000,0x00000000a6f36020,0x00000000ab000000)
 Metaspace       used 104972K, capacity 110220K, committed 111384K, reserved 1146880K
  class space    used 13134K, capacity 14200K, committed 14384K, reserved 1048576K
Event: 2404.400 GC heap after
Heap after GC invocations=41 (full 5):
 PSYoungGen      total 419840K, used 3936K [0x00000000e0000000, 0x00000000fe800000, 0x0000000100000000)
  eden space 365056K, 0% used [0x00000000e0000000,0x00000000e0000000,0x00000000f6480000)
  from space 54784K, 7% used [0x00000000f9d00000,0x00000000fa0d8020,0x00000000fd280000)
  to   space 57856K, 0% used [0x00000000f6480000,0x00000000f6480000,0x00000000f9d00000)
 ParOldGen       total 180224K, used 113888K [0x00000000a0000000, 0x00000000ab000000, 0x00000000e0000000)
  object space 180224K, 63% used [0x00000000a0000000,0x00000000a6f38020,0x00000000ab000000)
 Metaspace       used 104972K, capacity 110220K, committed 111384K, reserved 1146880K
  class space    used 13134K, capacity 14200K, committed 14384K, reserved 1048576K
}
Event: 2404.673 GC heap before
{Heap before GC invocations=42 (full 5):
 PSYoungGen      total 419840K, used 368105K [0x00000000e0000000, 0x00000000fe800000, 0x0000000100000000)
  eden space 365056K, 99% used [0x00000000e0000000,0x00000000f63a2598,0x00000000f6480000)
  from space 54784K, 7% used [0x00000000f9d00000,0x00000000fa0d8020,0x00000000fd280000)
  to   space 57856K, 0% used [0x00000000f6480000,0x00000000f6480000,0x00000000f9d00000)
 ParOldGen       total 180224K, used 113888K [0x00000000a0000000, 0x00000000ab000000, 0x00000000e0000000)
  object space 180224K, 63% used [0x00000000a0000000,0x00000000a6f38020,0x00000000ab000000)
 Metaspace       used 104974K, capacity 110220K, committed 111384K, reserved 1146880K
  class space    used 13134K, capacity 14200K, committed 14384K, reserved 1048576K
Event: 2404.685 GC heap after
Heap after GC invocations=42 (full 5):
 PSYoungGen      total 422912K, used 2048K [0x00000000e0000000, 0x00000000fe800000, 0x0000000100000000)
  eden space 365056K, 0% used [0x00000000e0000000,0x00000000e0000000,0x00000000f6480000)
  from space 57856K, 3% used [0x00000000f6480000,0x00000000f6680020,0x00000000f9d00000)
  to   space 54784K, 0% used [0x00000000f9d00000,0x00000000f9d00000,0x00000000fd280000)
 ParOldGen       total 180224K, used 113888K [0x00000000a0000000, 0x00000000ab000000, 0x00000000e0000000)
  object space 180224K, 63% used [0x00000000a0000000,0x00000000a6f38020,0x00000000ab000000)
 Metaspace       used 104974K, capacity 110220K, committed 111384K, reserved 1146880K
  class space    used 13134K, capacity 14200K, committed 14384K, reserved 1048576K
}
Event: 2408.082 GC heap before
{Heap before GC invocations=43 (full 5):
 PSYoungGen      total 422912K, used 367042K [0x00000000e0000000, 0x00000000fe800000, 0x0000000100000000)
  eden space 365056K, 99% used [0x00000000e0000000,0x00000000f6470a50,0x00000000f6480000)
  from space 57856K, 3% used [0x00000000f6480000,0x00000000f6680020,0x00000000f9d00000)
  to   space 54784K, 0% used [0x00000000f9d00000,0x00000000f9d00000,0x00000000fd280000)
 ParOldGen       total 180224K, used 113888K [0x00000000a0000000, 0x00000000ab000000, 0x00000000e0000000)
  object space 180224K, 63% used [0x00000000a0000000,0x00000000a6f38020,0x00000000ab000000)
 Metaspace       used 104999K, capacity 110232K, committed 111384K, reserved 1146880K
  class space    used 13136K, capacity 14202K, committed 14384K, reserved 1048576K
Event: 2408.087 GC heap after
Heap after GC invocations=43 (full 5):
 PSYoungGen      total 422400K, used 6698K [0x00000000e0000000, 0x00000000ffb80000, 0x0000000100000000)
  eden space 367616K, 0% used [0x00000000e0000000,0x00000000e0000000,0x00000000f6700000)
  from space 54784K, 12% used [0x00000000f9d00000,0x00000000fa38a918,0x00000000fd280000)
  to   space 55296K, 0% used [0x00000000f6700000,0x00000000f6700000,0x00000000f9d00000)
 ParOldGen       total 180224K, used 113896K [0x00000000a0000000, 0x00000000ab000000, 0x00000000e0000000)
  object space 180224K, 63% used [0x00000000a0000000,0x00000000a6f3a020,0x00000000ab000000)
 Metaspace       used 104999K, capacity 110232K, committed 111384K, reserved 1146880K
  class space    used 13136K, capacity 14202K, committed 14384K, reserved 1048576K
}
Event: 2436.528 GC heap before
{Heap before GC invocations=44 (full 5):
 PSYoungGen      total 422400K, used 374314K [0x00000000e0000000, 0x00000000ffb80000, 0x0000000100000000)
  eden space 367616K, 100% used [0x00000000e0000000,0x00000000f6700000,0x00000000f6700000)
  from space 54784K, 12% used [0x00000000f9d00000,0x00000000fa38a918,0x00000000fd280000)
  to   space 55296K, 0% used [0x00000000f6700000,0x00000000f6700000,0x00000000f9d00000)
 ParOldGen       total 180224K, used 113896K [0x00000000a0000000, 0x00000000ab000000, 0x00000000e0000000)
  object space 180224K, 63% used [0x00000000a0000000,0x00000000a6f3a020,0x00000000ab000000)
 Metaspace       used 105233K, capacity 110524K, committed 111384K, reserved 1146880K
  class space    used 13157K, capacity 14240K, committed 14384K, reserved 1048576K
Event: 2436.544 GC heap after
Heap after GC invocations=44 (full 5):
 PSYoungGen      total 422912K, used 12970K [0x00000000e0000000, 0x00000000ff280000, 0x0000000100000000)
  eden space 367616K, 0% used [0x00000000e0000000,0x00000000e0000000,0x00000000f6700000)
  from space 55296K, 23% used [0x00000000f6700000,0x00000000f73aa8d0,0x00000000f9d00000)
  to   space 52224K, 0% used [0x00000000fbf80000,0x00000000fbf80000,0x00000000ff280000)
 ParOldGen       total 180224K, used 113904K [0x00000000a0000000, 0x00000000ab000000, 0x00000000e0000000)
  object space 180224K, 63% used [0x00000000a0000000,0x00000000a6f3c020,0x00000000ab000000)
 Metaspace       used 105233K, capacity 110524K, committed 111384K, reserved 1146880K
  class space    used 13157K, capacity 14240K, committed 14384K, reserved 1048576K
}
Event: 2450.798 GC heap before
{Heap before GC invocations=45 (full 5):
 PSYoungGen      total 422912K, used 380399K [0x00000000e0000000, 0x00000000ff280000, 0x0000000100000000)
  eden space 367616K, 99% used [0x00000000e0000000,0x00000000f66d15a8,0x00000000f6700000)
  from space 55296K, 23% used [0x00000000f6700000,0x00000000f73aa8d0,0x00000000f9d00000)
  to   space 52224K, 0% used [0x00000000fbf80000,0x00000000fbf80000,0x00000000ff280000)
 ParOldGen       total 180224K, used 113904K [0x00000000a0000000, 0x00000000ab000000, 0x00000000e0000000)
  object space 180224K, 63% used [0x00000000a0000000,0x00000000a6f3c020,0x00000000ab000000)
 Metaspace       used 105638K, capacity 111010K, committed 111384K, reserved 1146880K
  class space    used 13173K, capacity 14267K, committed 14384K, reserved 1048576K
Event: 2450.831 GC heap after
Heap after GC invocations=45 (full 5):
 PSYoungGen      total 443904K, used 17909K [0x00000000e0000000, 0x00000000fe880000, 0x0000000100000000)
  eden space 401920K, 0% used [0x00000000e0000000,0x00000000e0000000,0x00000000f8880000)
  from space 41984K, 42% used [0x00000000fbf80000,0x00000000fd0fd548,0x00000000fe880000)
  to   space 49152K, 0% used [0x00000000f8880000,0x00000000f8880000,0x00000000fb880000)
 ParOldGen       total 180224K, used 113912K [0x00000000a0000000, 0x00000000ab000000, 0x00000000e0000000)
  object space 180224K, 63% used [0x00000000a0000000,0x00000000a6f3e020,0x00000000ab000000)
 Metaspace       used 105638K, capacity 111010K, committed 111384K, reserved 1146880K
  class space    used 13173K, capacity 14267K, committed 14384K, reserved 1048576K
}

