# JRE version: OpenJDK Runtime Environment (8.0_152-b01) (build 1.8.0_152-release-1248-b01)
# Java VM: OpenJDK 64-Bit Server VM (25.152-b01 mixed mode windows-amd64 compressed oops)
Heap:
 PSYoungGen      total 315392K, used 52498K [0x00000000e0000000, 0x00000000f4c80000, 0x0000000100000000)
  eden space 290304K, 18% used [0x00000000e0000000,0x00000000e33448c0,0x00000000f1b80000)
  from space 25088K, 0% used [0x00000000f1b80000,0x00000000f1b80000,0x00000000f3400000)
  to   space 22016K, 0% used [0x00000000f3700000,0x00000000f3700000,0x00000000f4c80000)
 ParOldGen       total 206848K, used 121033K [0x00000000a0000000, 0x00000000aca00000, 0x00000000e0000000)
  object space 206848K, 58% used [0x00000000a0000000,0x00000000a76325b8,0x00000000aca00000)
 Metaspace       used 109496K, capacity 117390K, committed 117528K, reserved 1150976K
  class space    used 13767K, capacity 15351K, committed 15400K, reserved 1048576K
GC Heap History (10 events):
Event: 1774.225 GC heap before
{Heap before GC invocations=128 (full 12):
 PSYoungGen      total 315392K, used 311651K [0x00000000e0000000, 0x00000000f4c80000, 0x0000000100000000)
  eden space 290304K, 100% used [0x00000000e0000000,0x00000000f1b80000,0x00000000f1b80000)
  from space 25088K, 85% used [0x00000000f1b80000,0x00000000f3058f40,0x00000000f3400000)
  to   space 22016K, 0% used [0x00000000f3700000,0x00000000f3700000,0x00000000f4c80000)
 ParOldGen       total 179200K, used 124405K [0x00000000a0000000, 0x00000000aaf00000, 0x00000000e0000000)
  object space 179200K, 69% used [0x00000000a0000000,0x00000000a797d560,0x00000000aaf00000)
 Metaspace       used 107967K, capacity 115692K, committed 115992K, reserved 1150976K
  class space    used 13722K, capacity 15298K, committed 15400K, reserved 1048576K
Event: 1774.235 GC heap after
Heap after GC invocations=128 (full 12):
 PSYoungGen      total 312320K, used 10752K [0x00000000e0000000, 0x00000000f4c80000, 0x0000000100000000)
  eden space 290304K, 0% used [0x00000000e0000000,0x00000000e0000000,0x00000000f1b80000)
  from space 22016K, 48% used [0x00000000f3700000,0x00000000f4180178,0x00000000f4c80000)
  to   space 25088K, 0% used [0x00000000f1b80000,0x00000000f1b80000,0x00000000f3400000)
 ParOldGen       total 179200K, used 140041K [0x00000000a0000000, 0x00000000aaf00000, 0x00000000e0000000)
  object space 179200K, 78% used [0x00000000a0000000,0x00000000a88c25c0,0x00000000aaf00000)
 Metaspace       used 107967K, capacity 115692K, committed 115992K, reserved 1150976K
  class space    used 13722K, capacity 15298K, committed 15400K, reserved 1048576K
}
Event: 1774.446 GC heap before
{Heap before GC invocations=129 (full 12):
 PSYoungGen      total 312320K, used 301056K [0x00000000e0000000, 0x00000000f4c80000, 0x0000000100000000)
  eden space 290304K, 100% used [0x00000000e0000000,0x00000000f1b80000,0x00000000f1b80000)
  from space 22016K, 48% used [0x00000000f3700000,0x00000000f4180178,0x00000000f4c80000)
  to   space 25088K, 0% used [0x00000000f1b80000,0x00000000f1b80000,0x00000000f3400000)
 ParOldGen       total 179200K, used 140046K [0x00000000a0000000, 0x00000000aaf00000, 0x00000000e0000000)
  object space 179200K, 78% used [0x00000000a0000000,0x00000000a88c3888,0x00000000aaf00000)
 Metaspace       used 107967K, capacity 115692K, committed 115992K, reserved 1150976K
  class space    used 13722K, capacity 15298K, committed 15400K, reserved 1048576K
Event: 1774.453 GC heap after
Heap after GC invocations=129 (full 12):
 PSYoungGen      total 315392K, used 7569K [0x00000000e0000000, 0x00000000f4c80000, 0x0000000100000000)
  eden space 290304K, 0% used [0x00000000e0000000,0x00000000e0000000,0x00000000f1b80000)
  from space 25088K, 30% used [0x00000000f1b80000,0x00000000f22e4740,0x00000000f3400000)
  to   space 22016K, 0% used [0x00000000f3700000,0x00000000f3700000,0x00000000f4c80000)
 ParOldGen       total 179200K, used 150543K [0x00000000a0000000, 0x00000000aaf00000, 0x00000000e0000000)
  object space 179200K, 84% used [0x00000000a0000000,0x00000000a9303fd0,0x00000000aaf00000)
 Metaspace       used 107967K, capacity 115692K, committed 115992K, reserved 1150976K
  class space    used 13722K, capacity 15298K, committed 15400K, reserved 1048576K
}
Event: 1777.034 GC heap before
{Heap before GC invocations=130 (full 12):
 PSYoungGen      total 315392K, used 297873K [0x00000000e0000000, 0x00000000f4c80000, 0x0000000100000000)
  eden space 290304K, 100% used [0x00000000e0000000,0x00000000f1b80000,0x00000000f1b80000)
  from space 25088K, 30% used [0x00000000f1b80000,0x00000000f22e4740,0x00000000f3400000)
  to   space 22016K, 0% used [0x00000000f3700000,0x00000000f3700000,0x00000000f4c80000)
 ParOldGen       total 179200K, used 150543K [0x00000000a0000000, 0x00000000aaf00000, 0x00000000e0000000)
  object space 179200K, 84% used [0x00000000a0000000,0x00000000a9303fd0,0x00000000aaf00000)
 Metaspace       used 107982K, capacity 115756K, committed 115992K, reserved 1150976K
  class space    used 13722K, capacity 15298K, committed 15400K, reserved 1048576K
Event: 1777.045 GC heap after
Heap after GC invocations=130 (full 12):
 PSYoungGen      total 312320K, used 16414K [0x00000000e0000000, 0x00000000f4c80000, 0x0000000100000000)
  eden space 290304K, 0% used [0x00000000e0000000,0x00000000e0000000,0x00000000f1b80000)
  from space 22016K, 74% used [0x00000000f3700000,0x00000000f4707968,0x00000000f4c80000)
  to   space 25088K, 0% used [0x00000000f1b80000,0x00000000f1b80000,0x00000000f3400000)
 ParOldGen       total 179200K, used 157310K [0x00000000a0000000, 0x00000000aaf00000, 0x00000000e0000000)
  object space 179200K, 87% used [0x00000000a0000000,0x00000000a999f9b8,0x00000000aaf00000)
 Metaspace       used 107982K, capacity 115756K, committed 115992K, reserved 1150976K
  class space    used 13722K, capacity 15298K, committed 15400K, reserved 1048576K
}
Event: 1782.826 GC heap before
{Heap before GC invocations=131 (full 12):
 PSYoungGen      total 312320K, used 306718K [0x00000000e0000000, 0x00000000f4c80000, 0x0000000100000000)
  eden space 290304K, 100% used [0x00000000e0000000,0x00000000f1b80000,0x00000000f1b80000)
  from space 22016K, 74% used [0x00000000f3700000,0x00000000f4707968,0x00000000f4c80000)
  to   space 25088K, 0% used [0x00000000f1b80000,0x00000000f1b80000,0x00000000f3400000)
 ParOldGen       total 179200K, used 157310K [0x00000000a0000000, 0x00000000aaf00000, 0x00000000e0000000)
  object space 179200K, 87% used [0x00000000a0000000,0x00000000a999f9b8,0x00000000aaf00000)
 Metaspace       used 109275K, capacity 117172K, committed 117272K, reserved 1150976K
  class space    used 13763K, capacity 15348K, committed 15400K, reserved 1048576K
Event: 1782.858 GC heap after
Heap after GC invocations=131 (full 12):
 PSYoungGen      total 315392K, used 25056K [0x00000000e0000000, 0x00000000f4c80000, 0x0000000100000000)
  eden space 290304K, 0% used [0x00000000e0000000,0x00000000e0000000,0x00000000f1b80000)
  from space 25088K, 99% used [0x00000000f1b80000,0x00000000f33f8368,0x00000000f3400000)
  to   space 22016K, 0% used [0x00000000f3700000,0x00000000f3700000,0x00000000f4c80000)
 ParOldGen       total 181248K, used 180198K [0x00000000a0000000, 0x00000000ab100000, 0x00000000e0000000)
  object space 181248K, 99% used [0x00000000a0000000,0x00000000aaff99c8,0x00000000ab100000)
 Metaspace       used 109275K, capacity 117172K, committed 117272K, reserved 1150976K
  class space    used 13763K, capacity 15348K, committed 15400K, reserved 1048576K
}
Event: 1782.858 GC heap before
{Heap before GC invocations=132 (full 13):
 PSYoungGen      total 315392K, used 25056K [0x00000000e0000000, 0x00000000f4c80000, 0x0000000100000000)
  eden space 290304K, 0% used [0x00000000e0000000,0x00000000e0000000,0x00000000f1b80000)
  from space 25088K, 99% used [0x00000000f1b80000,0x00000000f33f8368,0x00000000f3400000)
  to   space 22016K, 0% used [0x00000000f3700000,0x00000000f3700000,0x00000000f4c80000)
 ParOldGen       total 181248K, used 180198K [0x00000000a0000000, 0x00000000ab100000, 0x00000000e0000000)
  object space 181248K, 99% used [0x00000000a0000000,0x00000000aaff99c8,0x00000000ab100000)
 Metaspace       used 109275K, capacity 117172K, committed 117272K, reserved 1150976K
  class space    used 13763K, capacity 15348K, committed 15400K, reserved 1048576K
Event: 1783.075 GC heap after
Heap after GC invocations=132 (full 13):
 PSYoungGen      total 315392K, used 0K [0x00000000e0000000, 0x00000000f4c80000, 0x0000000100000000)
  eden space 290304K, 0% used [0x00000000e0000000,0x00000000e0000000,0x00000000f1b80000)
  from space 25088K, 0% used [0x00000000f1b80000,0x00000000f1b80000,0x00000000f3400000)
  to   space 22016K, 0% used [0x00000000f3700000,0x00000000f3700000,0x00000000f4c80000)
 ParOldGen       total 206848K, used 121033K [0x00000000a0000000, 0x00000000aca00000, 0x00000000e0000000)
  object space 206848K, 58% used [0x00000000a0000000,0x00000000a76325b8,0x00000000aca00000)
 Metaspace       used 109275K, capacity 117172K, committed 117272K, reserved 1150976K
  class space    used 13763K, capacity 15348K, committed 15400K, reserved 1048576K
}

