# JRE version: OpenJDK Runtime Environment (8.0_152-b01) (build 1.8.0_152-release-1248-b01)
# Java VM: OpenJDK 64-Bit Server VM (25.152-b01 mixed mode windows-amd64 compressed oops)
Heap:
 PSYoungGen      total 337408K, used 144740K [0x00000000e0000000, 0x00000000f8e00000, 0x0000000100000000)
  eden space 307712K, 39% used [0x00000000e0000000,0x00000000e775f3b8,0x00000000f2c80000)
  from space 29696K, 75% used [0x00000000f7100000,0x00000000f86f9e70,0x00000000f8e00000)
  to   space 27136K, 0% used [0x00000000f2c80000,0x00000000f2c80000,0x00000000f4700000)
 ParOldGen       total 209408K, used 83578K [0x00000000a0000000, 0x00000000acc80000, 0x00000000e0000000)
  object space 209408K, 39% used [0x00000000a0000000,0x00000000a519eb48,0x00000000acc80000)
 Metaspace       used 103420K, capacity 107651K, committed 107928K, reserved 1142784K
  class space    used 12949K, capacity 13861K, committed 13992K, reserved 1048576K
GC Heap History (10 events):
Event: 419.868 GC heap before
{Heap before GC invocations=28 (full 3):
 PSYoungGen      total 296960K, used 290905K [0x00000000e0000000, 0x00000000f4600000, 0x0000000100000000)
  eden space 274432K, 100% used [0x00000000e0000000,0x00000000f0c00000,0x00000000f0c00000)
  from space 22528K, 73% used [0x00000000f3000000,0x00000000f4016778,0x00000000f4600000)
  to   space 29696K, 0% used [0x00000000f0c00000,0x00000000f0c00000,0x00000000f2900000)
 ParOldGen       total 132608K, used 82045K [0x00000000a0000000, 0x00000000a8180000, 0x00000000e0000000)
  object space 132608K, 61% used [0x00000000a0000000,0x00000000a501f4a8,0x00000000a8180000)
 Metaspace       used 88389K, capacity 91889K, committed 92184K, reserved 1130496K
  class space    used 11191K, capacity 11982K, committed 12072K, reserved 1048576K
Event: 419.886 GC heap after
Heap after GC invocations=28 (full 3):
 PSYoungGen      total 304128K, used 11538K [0x00000000e0000000, 0x00000000f6480000, 0x0000000100000000)
  eden space 274432K, 0% used [0x00000000e0000000,0x00000000e0000000,0x00000000f0c00000)
  from space 29696K, 38% used [0x00000000f0c00000,0x00000000f1744a60,0x00000000f2900000)
  to   space 28672K, 0% used [0x00000000f4880000,0x00000000f4880000,0x00000000f6480000)
 ParOldGen       total 132608K, used 82053K [0x00000000a0000000, 0x00000000a8180000, 0x00000000e0000000)
  object space 132608K, 61% used [0x00000000a0000000,0x00000000a50214a8,0x00000000a8180000)
 Metaspace       used 88389K, capacity 91889K, committed 92184K, reserved 1130496K
  class space    used 11191K, capacity 11982K, committed 12072K, reserved 1048576K
}
Event: 424.749 GC heap before
{Heap before GC invocations=29 (full 3):
 PSYoungGen      total 304128K, used 285970K [0x00000000e0000000, 0x00000000f6480000, 0x0000000100000000)
  eden space 274432K, 100% used [0x00000000e0000000,0x00000000f0c00000,0x00000000f0c00000)
  from space 29696K, 38% used [0x00000000f0c00000,0x00000000f1744a60,0x00000000f2900000)
  to   space 28672K, 0% used [0x00000000f4880000,0x00000000f4880000,0x00000000f6480000)
 ParOldGen       total 132608K, used 82053K [0x00000000a0000000, 0x00000000a8180000, 0x00000000e0000000)
  object space 132608K, 61% used [0x00000000a0000000,0x00000000a50214a8,0x00000000a8180000)
 Metaspace       used 93831K, capacity 97297K, committed 97432K, reserved 1134592K
  class space    used 11811K, capacity 12590K, committed 12712K, reserved 1048576K
Event: 424.785 GC heap after
Heap after GC invocations=29 (full 3):
 PSYoungGen      total 333312K, used 14600K [0x00000000e0000000, 0x00000000f6180000, 0x0000000100000000)
  eden space 307712K, 0% used [0x00000000e0000000,0x00000000e0000000,0x00000000f2c80000)
  from space 25600K, 57% used [0x00000000f4880000,0x00000000f56c2180,0x00000000f6180000)
  to   space 27136K, 0% used [0x00000000f2c80000,0x00000000f2c80000,0x00000000f4700000)
 ParOldGen       total 132608K, used 82061K [0x00000000a0000000, 0x00000000a8180000, 0x00000000e0000000)
  object space 132608K, 61% used [0x00000000a0000000,0x00000000a50234a8,0x00000000a8180000)
 Metaspace       used 93831K, capacity 97297K, committed 97432K, reserved 1134592K
  class space    used 11811K, capacity 12590K, committed 12712K, reserved 1048576K
}
Event: 426.828 GC heap before
{Heap before GC invocations=30 (full 3):
 PSYoungGen      total 333312K, used 152344K [0x00000000e0000000, 0x00000000f6180000, 0x0000000100000000)
  eden space 307712K, 44% used [0x00000000e0000000,0x00000000e8683f90,0x00000000f2c80000)
  from space 25600K, 57% used [0x00000000f4880000,0x00000000f56c2180,0x00000000f6180000)
  to   space 27136K, 0% used [0x00000000f2c80000,0x00000000f2c80000,0x00000000f4700000)
 ParOldGen       total 132608K, used 82061K [0x00000000a0000000, 0x00000000a8180000, 0x00000000e0000000)
  object space 132608K, 61% used [0x00000000a0000000,0x00000000a50234a8,0x00000000a8180000)
 Metaspace       used 94867K, capacity 98437K, committed 98584K, reserved 1134592K
  class space    used 11946K, capacity 12740K, committed 12840K, reserved 1048576K
Event: 426.853 GC heap after
Heap after GC invocations=30 (full 3):
 PSYoungGen      total 334848K, used 23826K [0x00000000e0000000, 0x00000000f8e00000, 0x0000000100000000)
  eden space 307712K, 0% used [0x00000000e0000000,0x00000000e0000000,0x00000000f2c80000)
  from space 27136K, 87% used [0x00000000f2c80000,0x00000000f43c49e8,0x00000000f4700000)
  to   space 29696K, 0% used [0x00000000f7100000,0x00000000f7100000,0x00000000f8e00000)
 ParOldGen       total 132608K, used 82069K [0x00000000a0000000, 0x00000000a8180000, 0x00000000e0000000)
  object space 132608K, 61% used [0x00000000a0000000,0x00000000a50254a8,0x00000000a8180000)
 Metaspace       used 94867K, capacity 98437K, committed 98584K, reserved 1134592K
  class space    used 11946K, capacity 12740K, committed 12840K, reserved 1048576K
}
Event: 426.853 GC heap before
{Heap before GC invocations=31 (full 4):
 PSYoungGen      total 334848K, used 23826K [0x00000000e0000000, 0x00000000f8e00000, 0x0000000100000000)
  eden space 307712K, 0% used [0x00000000e0000000,0x00000000e0000000,0x00000000f2c80000)
  from space 27136K, 87% used [0x00000000f2c80000,0x00000000f43c49e8,0x00000000f4700000)
  to   space 29696K, 0% used [0x00000000f7100000,0x00000000f7100000,0x00000000f8e00000)
 ParOldGen       total 132608K, used 82069K [0x00000000a0000000, 0x00000000a8180000, 0x00000000e0000000)
  object space 132608K, 61% used [0x00000000a0000000,0x00000000a50254a8,0x00000000a8180000)
 Metaspace       used 94867K, capacity 98437K, committed 98584K, reserved 1134592K
  class space    used 11946K, capacity 12740K, committed 12840K, reserved 1048576K
Event: 427.139 GC heap after
Heap after GC invocations=31 (full 4):
 PSYoungGen      total 334848K, used 0K [0x00000000e0000000, 0x00000000f8e00000, 0x0000000100000000)
  eden space 307712K, 0% used [0x00000000e0000000,0x00000000e0000000,0x00000000f2c80000)
  from space 27136K, 0% used [0x00000000f2c80000,0x00000000f2c80000,0x00000000f4700000)
  to   space 29696K, 0% used [0x00000000f7100000,0x00000000f7100000,0x00000000f8e00000)
 ParOldGen       total 209408K, used 83570K [0x00000000a0000000, 0x00000000acc80000, 0x00000000e0000000)
  object space 209408K, 39% used [0x00000000a0000000,0x00000000a519cb48,0x00000000acc80000)
 Metaspace       used 94817K, capacity 98279K, committed 98584K, reserved 1134592K
  class space    used 11932K, capacity 12719K, committed 12840K, reserved 1048576K
}
Event: 430.538 GC heap before
{Heap before GC invocations=32 (full 4):
 PSYoungGen      total 334848K, used 307712K [0x00000000e0000000, 0x00000000f8e00000, 0x0000000100000000)
  eden space 307712K, 100% used [0x00000000e0000000,0x00000000f2c80000,0x00000000f2c80000)
  from space 27136K, 0% used [0x00000000f2c80000,0x00000000f2c80000,0x00000000f4700000)
  to   space 29696K, 0% used [0x00000000f7100000,0x00000000f7100000,0x00000000f8e00000)
 ParOldGen       total 209408K, used 83570K [0x00000000a0000000, 0x00000000acc80000, 0x00000000e0000000)
  object space 209408K, 39% used [0x00000000a0000000,0x00000000a519cb48,0x00000000acc80000)
 Metaspace       used 103234K, capacity 107493K, committed 107672K, reserved 1142784K
  class space    used 12947K, capacity 13860K, committed 13992K, reserved 1048576K
Event: 430.574 GC heap after
Heap after GC invocations=32 (full 4):
 PSYoungGen      total 337408K, used 22503K [0x00000000e0000000, 0x00000000f8e00000, 0x0000000100000000)
  eden space 307712K, 0% used [0x00000000e0000000,0x00000000e0000000,0x00000000f2c80000)
  from space 29696K, 75% used [0x00000000f7100000,0x00000000f86f9e70,0x00000000f8e00000)
  to   space 27136K, 0% used [0x00000000f2c80000,0x00000000f2c80000,0x00000000f4700000)
 ParOldGen       total 209408K, used 83578K [0x00000000a0000000, 0x00000000acc80000, 0x00000000e0000000)
  object space 209408K, 39% used [0x00000000a0000000,0x00000000a519eb48,0x00000000acc80000)
 Metaspace       used 103234K, capacity 107493K, committed 107672K, reserved 1142784K
  class space    used 12947K, capacity 13860K, committed 13992K, reserved 1048576K
}

